#
# There is insufficient memory for the Java Runtime Environment to continue.
# Native memory allocation (malloc) failed to allocate 1192176 bytes for Chunk::new
# Possible reasons:
#   The system is out of physical RAM or swap space
#   In 32 bit mode, the process size limit was hit
# Possible solutions:
#   Reduce memory load on the system
#   Increase physical memory or swap space
#   Check if swap backing store is full
#   Use 64 bit Java on a 64 bit OS
#   Decrease Java heap size (-Xmx/-Xms)
#   Decrease number of Java threads
#   Decrease Java thread stack sizes (-Xss)
#   Set larger code cache with -XX:ReservedCodeCacheSize=
# This output file may be truncated or incomplete.
#
#  Out of Memory Error (allocation.cpp:390), pid=13172, tid=0x0000000000002c38
#
# JRE version: OpenJDK Runtime Environment (8.0_152-b06) (build 1.8.0_152-release-1136-b06)
# Java VM: OpenJDK 64-Bit Server VM (25.152-b06 mixed mode windows-amd64 compressed oops)
# Failed to write core dump. Minidumps are not enabled by default on client versions of Windows
#

---------------  T H R E A D  ---------------

Current thread (0x0000000017252800):  JavaThread "C2 CompilerThread1" daemon [_thread_in_native, id=11320, stack(0x00000000189a0000,0x0000000018aa0000)]

Stack: [0x00000000189a0000,0x0000000018aa0000]
[error occurred during error reporting (printing stack bounds), id 0xc0000005]

Native frames: (J=compiled Java code, j=interpreted, Vv=VM code, C=native code)


Current CompileTask:
C2: 793074 22935       4       com.android.tools.r8.org.objectweb.asm.ClassReader::accept (1273 bytes)


---------------  P R O C E S S  ---------------

Java Threads: ( => current thread )
  0x000000001a4b9000 JavaThread "ForkJoinPool.commonPool-worker-3" daemon [_thread_blocked, id=10668, stack(0x000000002c480000,0x000000002c580000)]
  0x000000001a4b6000 JavaThread "ForkJoinPool.commonPool-worker-2" daemon [_thread_blocked, id=3652, stack(0x000000002c380000,0x000000002c480000)]
  0x000000001a4b7800 JavaThread "ForkJoinPool.commonPool-worker-1" daemon [_thread_blocked, id=2768, stack(0x000000002c280000,0x000000002c380000)]
  0x000000001a4b8000 JavaThread "Worker Daemon Execution Thread 9" [_thread_blocked, id=10428, stack(0x000000002c180000,0x000000002c280000)]
  0x000000001a4b5000 JavaThread "Worker Daemon Execution Thread 8" [_thread_blocked, id=15020, stack(0x000000002c080000,0x000000002c180000)]
  0x000000001a4ad800 JavaThread "Worker Daemon Execution Thread 7" [_thread_blocked, id=11696, stack(0x000000002bf80000,0x000000002c080000)]
  0x000000001a4b4800 JavaThread "Worker Daemon Execution Thread 6" [_thread_blocked, id=17392, stack(0x000000002be80000,0x000000002bf80000)]
  0x000000001a4ad000 JavaThread "Worker Daemon Execution Thread 5" [_thread_blocked, id=15236, stack(0x000000002bd80000,0x000000002be80000)]
  0x000000001a4af000 JavaThread "Worker Daemon Execution Thread 4" [_thread_blocked, id=11240, stack(0x000000002bc80000,0x000000002bd80000)]
  0x000000001a4b3800 JavaThread "Worker Daemon Execution Thread 3" [_thread_blocked, id=8268, stack(0x000000002bb80000,0x000000002bc80000)]
  0x000000001a4b0800 JavaThread "Worker Daemon Execution Thread 2" [_thread_blocked, id=17280, stack(0x000000002ba80000,0x000000002bb80000)]
  0x000000001a4ac000 JavaThread "Worker Daemon Execution" [_thread_blocked, id=16824, stack(0x000000002b980000,0x000000002ba80000)]
  0x000000001a4b2000 JavaThread "Cache worker for Java compile cache (C:\Users\boot\Documents\android projects\steem\.gradle\4.6\javaCompile)" [_thread_blocked, id=4848, stack(0x000000002b880000,0x000000002b980000)]
  0x000000001940d800 JavaThread "RMI TCP Connection(idle)" daemon [_thread_blocked, id=12428, stack(0x000000002b480000,0x000000002b580000)]
  0x000000001c479800 JavaThread "Task worker for ':' Thread 3" [_thread_blocked, id=15196, stack(0x000000002ac80000,0x000000002ad80000)]
  0x000000001c47c000 JavaThread "Task worker for ':' Thread 2" [_thread_blocked, id=11684, stack(0x000000002ab80000,0x000000002ac80000)]
  0x000000001c470000 JavaThread "Task worker for ':'" [_thread_blocked, id=15240, stack(0x000000002aa80000,0x000000002ab80000)]
  0x000000001c472000 JavaThread "Cache worker for Build Output Cleanup Cache (C:\Users\boot\Documents\android projects\steem\.gradle\buildOutputCleanup)" [_thread_blocked, id=4980, stack(0x000000002a980000,0x000000002aa80000)]
  0x000000001d7bd000 JavaThread "Cache worker for task history cache (C:\Users\boot\Documents\android projects\steem\.gradle\4.6\taskHistory)" [_thread_blocked, id=14388, stack(0x000000002a880000,0x000000002a980000)]
  0x000000001d7bb800 JavaThread "pool-8-thread-4" [_thread_blocked, id=16400, stack(0x000000002a780000,0x000000002a880000)]
  0x000000001d7b8800 JavaThread "pool-8-thread-3" [_thread_blocked, id=8604, stack(0x000000002a680000,0x000000002a780000)]
  0x000000001d7bc000 JavaThread "pool-8-thread-2" [_thread_blocked, id=15252, stack(0x000000002a580000,0x000000002a680000)]
  0x000000001d7ba000 JavaThread "pool-8-thread-1" [_thread_blocked, id=17224, stack(0x000000002a480000,0x000000002a580000)]
  0x000000001d7ba800 JavaThread "Cache worker for file content cache (C:\Users\boot\Documents\android projects\steem\.gradle\4.6\fileContent)" [_thread_blocked, id=4080, stack(0x000000002a380000,0x000000002a480000)]
  0x000000001d7b7800 JavaThread "Build operations Thread 4" [_thread_blocked, id=14668, stack(0x000000002a280000,0x000000002a380000)]
  0x000000001d7b9000 JavaThread "Build operations Thread 3" [_thread_blocked, id=15796, stack(0x000000002a180000,0x000000002a280000)]
  0x000000001d7b7000 JavaThread "Build operations Thread 2" [_thread_blocked, id=15408, stack(0x000000002a080000,0x000000002a180000)]
  0x000000001d7af800 JavaThread "Build operations" [_thread_blocked, id=5576, stack(0x0000000029f80000,0x000000002a080000)]
  0x000000001d7b6000 JavaThread "Cache worker for Artifact transforms cache (C:\Users\boot\.gradle\caches\transforms-1)" [_thread_blocked, id=14672, stack(0x0000000029e80000,0x0000000029f80000)]
  0x000000001d7ae000 JavaThread "Cache worker for file hash cache (C:\Users\boot\Documents\android projects\steem\.gradle\4.6\fileHashes)" [_thread_blocked, id=13932, stack(0x0000000029d80000,0x0000000029e80000)]
  0x000000001d7b3000 JavaThread "Asynchronous log dispatcher for DefaultDaemonConnection: socket connection from /127.0.0.1:54446 to /127.0.0.1:54579" [_thread_blocked, id=14260, stack(0x0000000029b80000,0x0000000029c80000)]
  0x000000001d7b1000 JavaThread "Daemon worker Thread 3" [_thread_blocked, id=14364, stack(0x0000000029a80000,0x0000000029b80000)]
  0x000000001a30c800 JavaThread "Cancel handler" [_thread_blocked, id=7876, stack(0x0000000029980000,0x0000000029a80000)]
  0x000000001a30f000 JavaThread "Handler for socket connection from /127.0.0.1:54446 to /127.0.0.1:54579" [_thread_in_native, id=13768, stack(0x0000000029880000,0x0000000029980000)]
  0x000000001a30e000 JavaThread "Daemon Thread 3" [_thread_blocked, id=11804, stack(0x0000000029780000,0x0000000029880000)]
  0x000000001c479000 JavaThread "pool-6-thread-4" [_thread_blocked, id=5724, stack(0x0000000028580000,0x0000000028680000)]
  0x000000001c474800 JavaThread "pool-6-thread-3" [_thread_blocked, id=10404, stack(0x0000000028480000,0x0000000028580000)]
  0x000000001c471800 JavaThread "pool-6-thread-2" [_thread_blocked, id=17184, stack(0x0000000028380000,0x0000000028480000)]
  0x000000001c478000 JavaThread "pool-6-thread-1" [_thread_blocked, id=13968, stack(0x0000000028280000,0x0000000028380000)]
  0x000000001d7b4000 JavaThread "pool-1-thread-1" [_thread_blocked, id=1220, stack(0x00000000264b0000,0x00000000265b0000)]
  0x000000001d7b0000 JavaThread "RMI Reaper" [_thread_blocked, id=17324, stack(0x0000000025fb0000,0x00000000260b0000)]
  0x000000001d7ae800 JavaThread "RMI TCP Accept-0" daemon [_thread_in_native, id=15112, stack(0x0000000025eb0000,0x0000000025fb0000)]
  0x000000001d7b5800 JavaThread "GC Daemon" daemon [_thread_blocked, id=17364, stack(0x0000000025db0000,0x0000000025eb0000)]
  0x000000001d7b4800 JavaThread "RMI Scheduler(0)" daemon [_thread_blocked, id=16952, stack(0x0000000025bb0000,0x0000000025cb0000)]
  0x000000001940e800 JavaThread "MarlinRenderer Disposer" daemon [_thread_blocked, id=17000, stack(0x0000000024eb0000,0x0000000024fb0000)]
  0x0000000019413000 JavaThread "Java2D Disposer" daemon [_thread_blocked, id=3732, stack(0x0000000024d70000,0x0000000024e70000)]
  0x000000001c475000 JavaThread "pool-2-thread-4" [_thread_blocked, id=11008, stack(0x0000000022b70000,0x0000000022c70000)]
  0x000000001c476000 JavaThread "pool-2-thread-3" [_thread_blocked, id=17268, stack(0x0000000022a70000,0x0000000022b70000)]
  0x000000001c473000 JavaThread "pool-2-thread-2" [_thread_blocked, id=8256, stack(0x0000000022970000,0x0000000022a70000)]
  0x000000001c470800 JavaThread "pool-2-thread-1" [_thread_blocked, id=5088, stack(0x0000000021820000,0x0000000021920000)]
  0x000000001a30f800 JavaThread "Memory manager" [_thread_blocked, id=10256, stack(0x0000000020750000,0x0000000020850000)]
  0x000000001a472800 JavaThread "File lock request listener" [_thread_in_native, id=16068, stack(0x000000001bcf0000,0x000000001bdf0000)]
  0x000000001a047800 JavaThread "Cache worker for file hash cache (C:\Users\boot\.gradle\caches\4.6\fileHashes)" [_thread_blocked, id=3964, stack(0x000000001bbf0000,0x000000001bcf0000)]
  0x000000001a211000 JavaThread "Daemon periodic checks" [_thread_blocked, id=9988, stack(0x000000001b0f0000,0x000000001b1f0000)]
  0x0000000019ef8000 JavaThread "Incoming local TCP Connector on port 54446" [_thread_in_native, id=16724, stack(0x000000001aeb0000,0x000000001afb0000)]
  0x00000000172ae800 JavaThread "Service Thread" daemon [_thread_blocked, id=17128, stack(0x0000000018fa0000,0x00000000190a0000)]
  0x000000001725b800 JavaThread "C1 CompilerThread2" daemon [_thread_blocked, id=14944, stack(0x0000000018aa0000,0x0000000018ba0000)]
=>0x0000000017252800 JavaThread "C2 CompilerThread1" daemon [_thread_in_native, id=11320, stack(0x00000000189a0000,0x0000000018aa0000)]
  0x000000001724d000 JavaThread "C2 CompilerThread0" daemon [_thread_blocked, id=15604, stack(0x00000000188a0000,0x00000000189a0000)]
  0x000000001724b800 JavaThread "Attach Listener" daemon [_thread_blocked, id=10924, stack(0x00000000187a0000,0x00000000188a0000)]
  0x000000000262e000 JavaThread "Signal Dispatcher" daemon [_thread_blocked, id=15064, stack(0x00000000186a0000,0x00000000187a0000)]
  0x0000000002628800 JavaThread "Finalizer" daemon [_thread_blocked, id=7072, stack(0x00000000184b0000,0x00000000185b0000)]
  0x0000000002623000 JavaThread "Reference Handler" daemon [_thread_blocked, id=16872, stack(0x00000000183b0000,0x00000000184b0000)]
  0x0000000002533000 JavaThread "main" [_thread_blocked, id=7656, stack(0x0000000002390000,0x0000000002490000)]

Other Threads:
  0x0000000017215800 VMThread [stack: 0x00000000182b0000,0x00000000183b0000] [id=16900]
  0x0000000018bca000 WatcherThread [stack: 0x00000000190a0000,0x00000000191a0000] [id=16708]

VM state:at safepoint (normal execution)

VM Mutex/Monitor currently owned by a thread:  ([mutex/lock_event])
[0x00000000024ce700] Threads_lock - owner thread: 0x0000000017215800
[0x00000000024cdf00] Heap_lock - owner thread: 0x000000001a4b6000

Heap:
 PSYoungGen      total 659968K, used 659948K [0x00000000d5580000, 0x0000000100000000, 0x0000000100000000)
  eden space 626176K, 100% used [0x00000000d5580000,0x00000000fb900000,0x00000000fb900000)
  from space 33792K, 99% used [0x00000000fb900000,0x00000000fd9fb290,0x00000000fda00000)
  to   space 38912K, 97% used [0x00000000fda00000,0x00000000fff084f0,0x0000000100000000)
 ParOldGen       total 365056K, used 164455K [0x0000000080000000, 0x0000000096480000, 0x00000000d5580000)
  object space 365056K, 45% used [0x0000000080000000,0x000000008a099c28,0x0000000096480000)
 Metaspace       used 98108K, capacity 101934K, committed 102016K, reserved 1138688K
  class space    used 12309K, capacity 13138K, committed 13184K, reserved 1048576K

Card table byte_map: [0x00000000119f0000,0x0000000011e00000] byte_map_base: 0x00000000115f0000

Marking Bits: (ParMarkBitMap*) 0x0000000075fa5aa0
 Begin Bits: [0x00000000124b0000, 0x00000000144b0000)
 End Bits:   [0x00000000144b0000, 0x00000000164b0000)

Polling page: 0x0000000000a90000

CodeCache: size=245760Kb used=66875Kb max_used=66887Kb free=178884Kb
 bounds [0x0000000002630000, 0x00000000067e0000, 0x0000000011630000]
 total_blobs=19596 nmethods=18591 adapters=916
 compilation: enabled

Compilation events (10 events):
Event: 792.922 Thread 0x000000001725b800 22958       3       com.android.tools.r8.ir.code.Sub::negativeFitsInDexInstruction (36 bytes)
Event: 792.922 Thread 0x000000001725b800 nmethod 22958 0x00000000067cc4d0 code [0x00000000067cc680, 0x00000000067ccde8]
Event: 792.931 Thread 0x000000001725b800 22959       3       com.android.tools.r8.code.Format23x::<init> (101 bytes)
Event: 792.932 Thread 0x000000001725b800 nmethod 22959 0x00000000067cbf50 code [0x00000000067cc0c0, 0x00000000067cc370]
Event: 792.932 Thread 0x000000001725b800 22961       3       com.android.tools.r8.code.Format23x::hashCode (29 bytes)
Event: 792.932 Thread 0x000000001725b800 nmethod 22961 0x00000000067cba50 code [0x00000000067cbbc0, 0x00000000067cbea8]
Event: 792.943 Thread 0x000000001724d000 nmethod 22956% 0x000000000679fb10 code [0x000000000679fd20, 0x00000000067a0788]
Event: 792.943 Thread 0x000000001724d000 22960 %     4       com.android.tools.r8.it.unimi.dsi.fastutil.ints.Int2ReferenceOpenHashMap::rehash @ 53 (174 bytes)
Event: 792.947 Thread 0x000000001725b800 22962       3       com.android.tools.r8.ir.conversion.JarSourceCode::updateState (16 bytes)
Event: 792.947 Thread 0x000000001725b800 nmethod 22962 0x00000000067a9110 code [0x00000000067a9280, 0x00000000067a9428]

GC Heap History (10 events):
Event: 770.322 GC heap after
Heap after GC invocations=27 (full 4):
 PSYoungGen      total 655360K, used 10664K [0x00000000d5580000, 0x00000000ffd00000, 0x0000000100000000)
  eden space 613888K, 0% used [0x00000000d5580000,0x00000000d5580000,0x00000000fad00000)
  from space 41472K, 25% used [0x00000000fad00000,0x00000000fb76a220,0x00000000fd580000)
  to   space 39424K, 0% used [0x00000000fd680000,0x00000000fd680000,0x00000000ffd00000)
 ParOldGen       total 365056K, used 156582K [0x0000000080000000, 0x0000000096480000, 0x00000000d5580000)
  object space 365056K, 42% used [0x0000000080000000,0x00000000898e9b58,0x0000000096480000)
 Metaspace       used 97813K, capacity 101732K, committed 102016K, reserved 1138688K
  class space    used 12284K, capacity 13137K, committed 13184K, reserved 1048576K
}
Event: 774.745 GC heap before
{Heap before GC invocations=28 (full 4):
 PSYoungGen      total 655360K, used 624552K [0x00000000d5580000, 0x00000000ffd00000, 0x0000000100000000)
  eden space 613888K, 100% used [0x00000000d5580000,0x00000000fad00000,0x00000000fad00000)
  from space 41472K, 25% used [0x00000000fad00000,0x00000000fb76a220,0x00000000fd580000)
  to   space 39424K, 0% used [0x00000000fd680000,0x00000000fd680000,0x00000000ffd00000)
 ParOldGen       total 365056K, used 156582K [0x0000000080000000, 0x0000000096480000, 0x00000000d5580000)
  object space 365056K, 42% used [0x0000000080000000,0x00000000898e9b58,0x0000000096480000)
 Metaspace       used 97901K, capacity 101796K, committed 102016K, reserved 1138688K
  class space    used 12299K, capacity 13137K, committed 13184K, reserved 1048576K
Event: 774.783 GC heap after
Heap after GC invocations=28 (full 4):
 PSYoungGen      total 654336K, used 11617K [0x00000000d5580000, 0x00000000ffa00000, 0x0000000100000000)
  eden space 617984K, 0% used [0x00000000d5580000,0x00000000d5580000,0x00000000fb100000)
  from space 36352K, 31% used [0x00000000fd680000,0x00000000fe1d87e8,0x00000000ffa00000)
  to   space 37376K, 0% used [0x00000000fb100000,0x00000000fb100000,0x00000000fd580000)
 ParOldGen       total 365056K, used 156582K [0x0000000080000000, 0x0000000096480000, 0x00000000d5580000)
  object space 365056K, 42% used [0x0000000080000000,0x00000000898e9b58,0x0000000096480000)
 Metaspace       used 97901K, capacity 101796K, committed 102016K, reserved 1138688K
  class space    used 12299K, capacity 13137K, committed 13184K, reserved 1048576K
}
Event: 778.270 GC heap before
{Heap before GC invocations=29 (full 4):
 PSYoungGen      total 654336K, used 629601K [0x00000000d5580000, 0x00000000ffa00000, 0x0000000100000000)
  eden space 617984K, 100% used [0x00000000d5580000,0x00000000fb100000,0x00000000fb100000)
  from space 36352K, 31% used [0x00000000fd680000,0x00000000fe1d87e8,0x00000000ffa00000)
  to   space 37376K, 0% used [0x00000000fb100000,0x00000000fb100000,0x00000000fd580000)
 ParOldGen       total 365056K, used 156582K [0x0000000080000000, 0x0000000096480000, 0x00000000d5580000)
  object space 365056K, 42% used [0x0000000080000000,0x00000000898e9b58,0x0000000096480000)
 Metaspace       used 97985K, capacity 101860K, committed 102016K, reserved 1138688K
  class space    used 12305K, capacity 13137K, committed 13184K, reserved 1048576K
Event: 778.327 GC heap after
Heap after GC invocations=29 (full 4):
 PSYoungGen      total 655360K, used 14248K [0x00000000d5580000, 0x00000000ffd00000, 0x0000000100000000)
  eden space 617984K, 0% used [0x00000000d5580000,0x00000000d5580000,0x00000000fb100000)
  from space 37376K, 38% used [0x00000000fb100000,0x00000000fbeea2c0,0x00000000fd580000)
  to   space 35328K, 0% used [0x00000000fda80000,0x00000000fda80000,0x00000000ffd00000)
 ParOldGen       total 365056K, used 156590K [0x0000000080000000, 0x0000000096480000, 0x00000000d5580000)
  object space 365056K, 42% used [0x0000000080000000,0x00000000898ebb58,0x0000000096480000)
 Metaspace       used 97985K, capacity 101860K, committed 102016K, reserved 1138688K
  class space    used 12305K, capacity 13137K, committed 13184K, reserved 1048576K
}
Event: 786.201 GC heap before
{Heap before GC invocations=30 (full 4):
 PSYoungGen      total 655360K, used 632232K [0x00000000d5580000, 0x00000000ffd00000, 0x0000000100000000)
  eden space 617984K, 100% used [0x00000000d5580000,0x00000000fb100000,0x00000000fb100000)
  from space 37376K, 38% used [0x00000000fb100000,0x00000000fbeea2c0,0x00000000fd580000)
  to   space 35328K, 0% used [0x00000000fda80000,0x00000000fda80000,0x00000000ffd00000)
 ParOldGen       total 365056K, used 156590K [0x0000000080000000, 0x0000000096480000, 0x00000000d5580000)
  object space 365056K, 42% used [0x0000000080000000,0x00000000898ebb58,0x0000000096480000)
 Metaspace       used 98030K, capacity 101866K, committed 102016K, reserved 1138688K
  class space    used 12307K, capacity 13138K, committed 13184K, reserved 1048576K
Event: 786.235 GC heap after
Heap after GC invocations=30 (full 4):
 PSYoungGen      total 659456K, used 12045K [0x00000000d5580000, 0x00000000ffb00000, 0x0000000100000000)
  eden space 626176K, 0% used [0x00000000d5580000,0x00000000d5580000,0x00000000fb900000)
  from space 33280K, 36% used [0x00000000fda80000,0x00000000fe6435b0,0x00000000ffb00000)
  to   space 33792K, 0% used [0x00000000fb900000,0x00000000fb900000,0x00000000fda00000)
 ParOldGen       total 365056K, used 156598K [0x0000000080000000, 0x0000000096480000, 0x00000000d5580000)
  object space 365056K, 42% used [0x0000000080000000,0x00000000898edb58,0x0000000096480000)
 Metaspace       used 98030K, capacity 101866K, committed 102016K, reserved 1138688K
  class space    used 12307K, capacity 13138K, committed 13184K, reserved 1048576K
}
Event: 790.136 GC heap before
{Heap before GC invocations=31 (full 4):
 PSYoungGen      total 659456K, used 638221K [0x00000000d5580000, 0x00000000ffb00000, 0x0000000100000000)
  eden space 626176K, 100% used [0x00000000d5580000,0x00000000fb900000,0x00000000fb900000)
  from space 33280K, 36% used [0x00000000fda80000,0x00000000fe6435b0,0x00000000ffb00000)
  to   space 33792K, 0% used [0x00000000fb900000,0x00000000fb900000,0x00000000fda00000)
 ParOldGen       total 365056K, used 156598K [0x0000000080000000, 0x0000000096480000, 0x00000000d5580000)
  object space 365056K, 42% used [0x0000000080000000,0x00000000898edb58,0x0000000096480000)
 Metaspace       used 98101K, capacity 101934K, committed 102016K, reserved 1138688K
  class space    used 12308K, capacity 13138K, committed 13184K, reserved 1048576K
Event: 790.196 GC heap after
Heap after GC invocations=31 (full 4):
 PSYoungGen      total 659968K, used 33772K [0x00000000d5580000, 0x0000000100000000, 0x0000000100000000)
  eden space 626176K, 0% used [0x00000000d5580000,0x00000000d5580000,0x00000000fb900000)
  from space 33792K, 99% used [0x00000000fb900000,0x00000000fd9fb290,0x00000000fda00000)
  to   space 38912K, 0% used [0x00000000fda00000,0x00000000fda00000,0x0000000100000000)
 ParOldGen       total 365056K, used 164439K [0x0000000080000000, 0x0000000096480000, 0x00000000d5580000)
  object space 365056K, 45% used [0x0000000080000000,0x000000008a095c28,0x0000000096480000)
 Metaspace       used 98101K, capacity 101934K, committed 102016K, reserved 1138688K
  class space    used 12308K, capacity 13138K, committed 13184K, reserved 1048576K
}
Event: 792.978 GC heap before
{Heap before GC invocations=32 (full 4):
 PSYoungGen      total 659968K, used 659948K [0x00000000d5580000, 0x0000000100000000, 0x0000000100000000)
  eden space 626176K, 100% used [0x00000000d5580000,0x00000000fb900000,0x00000000fb900000)
  from space 33792K, 99% used [0x00000000fb900000,0x00000000fd9fb290,0x00000000fda00000)
  to   space 38912K, 0% used [0x00000000fda00000,0x00000000fda00000,0x0000000100000000)
 ParOldGen       total 365056K, used 164439K [0x0000000080000000, 0x0000000096480000, 0x00000000d5580000)
  object space 365056K, 45% used [0x0000000080000000,0x000000008a095c28,0x0000000096480000)
 Metaspace       used 98108K, capacity 101934K, committed 102016K, reserved 1138688K
  class space    used 12309K, capacity 13138K, committed 13184K, reserved 1048576K

Deoptimization events (10 events):
Event: 783.328 Thread 0x000000001a4b6000 Uncommon trap: reason=array_check action=maybe_recompile pc=0x0000000005f42594 method=java.util.TimSort.mergeHi(IIII)V @ 419
Event: 784.100 Thread 0x000000001a4b9000 Uncommon trap: reason=array_check action=maybe_recompile pc=0x000000000653ceec method=java.util.TimSort.mergeHi(IIII)V @ 524
Event: 784.108 Thread 0x000000001a4b9000 Uncommon trap: reason=array_check action=maybe_recompile pc=0x000000000653ceec method=java.util.TimSort.mergeHi(IIII)V @ 524
Event: 785.811 Thread 0x000000001a4b7800 Uncommon trap: reason=class_check action=maybe_recompile pc=0x0000000005ebc31c method=com.android.tools.r8.ir.optimize.CodeRewriter.rewriteMoveResult(Lcom/android/tools/r8/ir/code/IRCode;)V @ 130
Event: 787.018 Thread 0x000000001a4b6000 Uncommon trap: reason=unstable_if action=reinterpret pc=0x00000000065c5850 method=com.android.tools.r8.graph.JarCode$SecondVisitor.visitMethod(ILjava/lang/String;Ljava/lang/String;Ljava/lang/String;[Ljava/lang/String;)Lcom/android/tools/r8/org/objectweb/a
Event: 787.102 Thread 0x000000001a4b9000 Uncommon trap: reason=unstable_if action=reinterpret pc=0x0000000005addbd0 method=com.android.tools.r8.ir.optimize.CodeRewriter.workaroundNumberConversionRegisterAllocationBug(Lcom/android/tools/r8/ir/code/IRCode;)V @ 197
Event: 787.350 Thread 0x000000001a4b9000 Uncommon trap: reason=class_check action=maybe_recompile pc=0x0000000006032778 method=com.android.tools.r8.ir.optimize.DeadCodeRemover.removeUnneededCatchHandlers(Lcom/android/tools/r8/ir/code/IRCode;Lcom/android/tools/r8/graph/GraphLense;Lcom/android/too
Event: 789.311 Thread 0x000000001a4b9000 Uncommon trap: reason=unstable_if action=reinterpret pc=0x00000000051bdd2c method=com.android.tools.r8.ir.conversion.JarState$Slot.isReferenceCompatible(Lcom/android/tools/r8/org/objectweb/asm/Type;Lcom/android/tools/r8/org/objectweb/asm/Type;)Z @ 107
Event: 790.501 Thread 0x000000001a4b6000 Uncommon trap: reason=unstable_if action=reinterpret pc=0x0000000006122c3c method=com.android.tools.r8.ir.regalloc.LinearScanRegisterAllocator.createLocalsChange(Lcom/android/tools/r8/it/unimi/dsi/fastutil/ints/Int2ReferenceMap;Lcom/android/tools/r8/it/un
Event: 791.221 Thread 0x000000001a4b6000 Uncommon trap: reason=class_check action=maybe_recompile pc=0x0000000005ebc31c method=com.android.tools.r8.ir.optimize.CodeRewriter.rewriteMoveResult(Lcom/android/tools/r8/ir/code/IRCode;)V @ 130

Classes redefined (0 events):
No events

Internal exceptions (10 events):
Event: 740.910 Thread 0x000000001c479800 Exception <a 'sun/nio/fs/WindowsException'> (0x00000000e288ffb8) thrown at [D:\src\AOSP-openjdk-cygwin\jdk8u\hotspot\src\share\vm\prims\jni.cpp, line 709]
Event: 740.911 Thread 0x000000001c479800 Exception <a 'sun/nio/fs/WindowsException'> (0x00000000e28907f0) thrown at [D:\src\AOSP-openjdk-cygwin\jdk8u\hotspot\src\share\vm\prims\jni.cpp, line 709]
Event: 740.911 Thread 0x000000001c479800 Exception <a 'sun/nio/fs/WindowsException'> (0x00000000e2891d18) thrown at [D:\src\AOSP-openjdk-cygwin\jdk8u\hotspot\src\share\vm\prims\jni.cpp, line 709]
Event: 740.977 Thread 0x000000001c479800 Exception <a 'sun/nio/fs/WindowsException'> (0x00000000e28be8e8) thrown at [D:\src\AOSP-openjdk-cygwin\jdk8u\hotspot\src\share\vm\prims\jni.cpp, line 709]
Event: 740.977 Thread 0x000000001c479800 Exception <a 'sun/nio/fs/WindowsException'> (0x00000000e28bf120) thrown at [D:\src\AOSP-openjdk-cygwin\jdk8u\hotspot\src\share\vm\prims\jni.cpp, line 709]
Event: 740.978 Thread 0x000000001c479800 Exception <a 'sun/nio/fs/WindowsException'> (0x00000000e28c0648) thrown at [D:\src\AOSP-openjdk-cygwin\jdk8u\hotspot\src\share\vm\prims\jni.cpp, line 709]
Event: 741.038 Thread 0x000000001c479800 Exception <a 'sun/nio/fs/WindowsException'> (0x00000000e3985480) thrown at [D:\src\AOSP-openjdk-cygwin\jdk8u\hotspot\src\share\vm\prims\jni.cpp, line 709]
Event: 741.199 Thread 0x000000001c479800 Exception <a 'sun/nio/fs/WindowsException'> (0x00000000e39b3c38) thrown at [D:\src\AOSP-openjdk-cygwin\jdk8u\hotspot\src\share\vm\prims\jni.cpp, line 709]
Event: 753.454 Thread 0x000000001a4b7800 Implicit null exception at 0x0000000005e74238 to 0x0000000005e77939
Event: 755.311 Thread 0x000000001a4b6000 Implicit null exception at 0x00000000060cf8d4 to 0x00000000060cfb71

Events (10 events):
Event: 790.501 Thread 0x000000001a4b6000 DEOPT PACKING pc=0x0000000006122c3c sp=0x000000002c47e1f0
Event: 790.501 Thread 0x000000001a4b6000 DEOPT UNPACKING pc=0x000000000267557b sp=0x000000002c47e228 mode 2
Event: 790.541 loading class com/android/tools/r8/ir/conversion/JarState$1
Event: 790.541 loading class com/android/tools/r8/ir/conversion/JarState$1 done
Event: 790.748 Thread 0x000000001a4b9000 DEOPT PACKING pc=0x0000000002894721 sp=0x000000002c57de70
Event: 790.748 Thread 0x000000001a4b9000 DEOPT UNPACKING pc=0x00000000026771d0 sp=0x000000002c57dc10 mode 0
Event: 791.221 Thread 0x000000001a4b6000 Uncommon trap: trap_request=0xffffffde fr.pc=0x0000000005ebc31c
Event: 791.221 Thread 0x000000001a4b6000 DEOPT PACKING pc=0x0000000005ebc31c sp=0x000000002c47e4b0
Event: 791.221 Thread 0x000000001a4b6000 DEOPT UNPACKING pc=0x000000000267557b sp=0x000000002c47e4a0 mode 2
Event: 792.950 Executing VM operation: ParallelGCFailedAllocation


Dynamic libraries:
0x00007ff77b610000 - 0x00007ff77b641000 	F:\android studio 2.2\jre\bin\java.exe
0x00007ffcc1470000 - 0x00007ffcc1651000 	C:\WINDOWS\SYSTEM32\ntdll.dll
0x00007ffcb7c90000 - 0x00007ffcb7ca4000 	C:\Program Files\AVAST Software\Avast\x64\aswhooka.dll
0x00007ffcbf070000 - 0x00007ffcbf122000 	C:\WINDOWS\System32\KERNEL32.DLL
0x00007ffcbe580000 - 0x00007ffcbe7f3000 	C:\WINDOWS\System32\KERNELBASE.dll
0x00007ffcbf730000 - 0x00007ffcbf7d1000 	C:\WINDOWS\System32\ADVAPI32.dll
0x00007ffcbf4f0000 - 0x00007ffcbf58e000 	C:\WINDOWS\System32\msvcrt.dll
0x00007ffcbe9e0000 - 0x00007ffcbea3b000 	C:\WINDOWS\System32\sechost.dll
0x00007ffcbea40000 - 0x00007ffcbeb64000 	C:\WINDOWS\System32\RPCRT4.dll
0x00007ffcbf130000 - 0x00007ffcbf2c0000 	C:\WINDOWS\System32\USER32.dll
0x00007ffcbe1c0000 - 0x00007ffcbe1e0000 	C:\WINDOWS\System32\win32u.dll
0x00007ffcc11d0000 - 0x00007ffcc11f8000 	C:\WINDOWS\System32\GDI32.dll
0x00007ffcbe2e0000 - 0x00007ffcbe472000 	C:\WINDOWS\System32\gdi32full.dll
0x00007ffcbe480000 - 0x00007ffcbe51f000 	C:\WINDOWS\System32\msvcp_win.dll
0x00007ffcbe800000 - 0x00007ffcbe8fa000 	C:\WINDOWS\System32\ucrtbase.dll
0x00007ffcafb20000 - 0x00007ffcafd89000 	C:\WINDOWS\WinSxS\amd64_microsoft.windows.common-controls_6595b64144ccf1df_6.0.17134.407_none_fb449d63306391e9\COMCTL32.dll
0x00007ffcc0e90000 - 0x00007ffcc11b2000 	C:\WINDOWS\System32\combase.dll
0x00007ffcbd840000 - 0x00007ffcbd8ba000 	C:\WINDOWS\System32\bcryptPrimitives.dll
0x00007ffcbf2c0000 - 0x00007ffcbf2ed000 	C:\WINDOWS\System32\IMM32.DLL
0x0000000075700000 - 0x00000000757d2000 	F:\android studio 2.2\jre\jre\bin\msvcr100.dll
0x00000000757e0000 - 0x0000000076021000 	F:\android studio 2.2\jre\jre\bin\server\jvm.dll
0x00007ffcc11c0000 - 0x00007ffcc11c8000 	C:\WINDOWS\System32\PSAPI.DLL
0x00007ffca9460000 - 0x00007ffca9469000 	C:\WINDOWS\SYSTEM32\WSOCK32.dll
0x00007ffcbf350000 - 0x00007ffcbf3bc000 	C:\WINDOWS\System32\WS2_32.dll
0x00007ffcbb700000 - 0x00007ffcbb723000 	C:\WINDOWS\SYSTEM32\WINMM.dll
0x00007ffcb89b0000 - 0x00007ffcb89ba000 	C:\WINDOWS\SYSTEM32\VERSION.dll
0x00007ffcbb6d0000 - 0x00007ffcbb6fa000 	C:\WINDOWS\SYSTEM32\WINMMBASE.dll
0x00007ffcbe290000 - 0x00007ffcbe2d9000 	C:\WINDOWS\System32\cfgmgr32.dll
0x00007ffcae780000 - 0x00007ffcae78f000 	F:\android studio 2.2\jre\jre\bin\verify.dll
0x00007ffcae750000 - 0x00007ffcae779000 	F:\android studio 2.2\jre\jre\bin\java.dll
0x00007ffcae040000 - 0x00007ffcae056000 	F:\android studio 2.2\jre\jre\bin\zip.dll
0x00007ffcbf8d0000 - 0x00007ffcc0d0f000 	C:\WINDOWS\System32\SHELL32.dll
0x00007ffcbefc0000 - 0x00007ffcbf069000 	C:\WINDOWS\System32\shcore.dll
0x00007ffcbd8c0000 - 0x00007ffcbdfcd000 	C:\WINDOWS\System32\windows.storage.dll
0x00007ffcbe980000 - 0x00007ffcbe9d1000 	C:\WINDOWS\System32\shlwapi.dll
0x00007ffcbd820000 - 0x00007ffcbd831000 	C:\WINDOWS\System32\kernel.appcore.dll
0x00007ffcbd800000 - 0x00007ffcbd81f000 	C:\WINDOWS\System32\profapi.dll
0x00007ffcbd7a0000 - 0x00007ffcbd7ec000 	C:\WINDOWS\System32\powrprof.dll
0x00007ffcbd7f0000 - 0x00007ffcbd7fa000 	C:\WINDOWS\System32\FLTLIB.DLL
0x00007ffcab0a0000 - 0x00007ffcab0ba000 	F:\android studio 2.2\jre\jre\bin\net.dll
0x00007ffcbcf50000 - 0x00007ffcbcfb6000 	C:\WINDOWS\system32\mswsock.dll
0x00007ffcaa8b0000 - 0x00007ffcaa8c1000 	F:\android studio 2.2\jre\jre\bin\nio.dll
0x00007ffca1a20000 - 0x00007ffca1a3e000 	C:\Users\boot\.gradle\native\25\windows-amd64\native-platform.dll
0x00007ffcae4c0000 - 0x00007ffcae4cd000 	F:\android studio 2.2\jre\jre\bin\management.dll
0x00007ffcbd4e0000 - 0x00007ffcbd4f7000 	C:\WINDOWS\SYSTEM32\CRYPTSP.dll
0x00007ffcbcb40000 - 0x00007ffcbcb73000 	C:\WINDOWS\system32\rsaenh.dll
0x00007ffcbd4b0000 - 0x00007ffcbd4d5000 	C:\WINDOWS\SYSTEM32\bcrypt.dll
0x00007ffcbd680000 - 0x00007ffcbd6a8000 	C:\WINDOWS\SYSTEM32\USERENV.dll
0x00007ffcbd110000 - 0x00007ffcbd11b000 	C:\WINDOWS\SYSTEM32\CRYPTBASE.dll
0x00007ffcbcce0000 - 0x00007ffcbcd18000 	C:\WINDOWS\SYSTEM32\IPHLPAPI.DLL
0x00007ffcc1200000 - 0x00007ffcc1208000 	C:\WINDOWS\System32\NSI.dll
0x00007ffcb6680000 - 0x00007ffcb6696000 	C:\WINDOWS\SYSTEM32\dhcpcsvc6.DLL
0x00007ffcb6540000 - 0x00007ffcb655a000 	C:\WINDOWS\SYSTEM32\dhcpcsvc.DLL
0x00007ffcaa880000 - 0x00007ffcaa8a4000 	F:\android studio 2.2\jre\jre\bin\sunec.dll
0x00007ffcbcd30000 - 0x00007ffcbcdee000 	C:\WINDOWS\SYSTEM32\DNSAPI.dll
0x00007ffcb7230000 - 0x00007ffcb7246000 	C:\WINDOWS\system32\wlidnsp.dll
0x00007ffcb8590000 - 0x00007ffcb859a000 	C:\Windows\System32\rasadhlp.dll
0x00007ffcb71b0000 - 0x00007ffcb7222000 	C:\WINDOWS\System32\fwpuclnt.dll
0x00007ffcba030000 - 0x00007ffcba03b000 	F:\android studio 2.2\jre\jre\bin\sunmscapi.dll
0x00007ffcbdfd0000 - 0x00007ffcbe1b2000 	C:\WINDOWS\System32\CRYPT32.dll
0x00007ffcbd780000 - 0x00007ffcbd792000 	C:\WINDOWS\System32\MSASN1.dll
0x00007ffc95100000 - 0x00007ffc95297000 	F:\android studio 2.2\jre\jre\bin\awt.dll
0x00007ffcbf3c0000 - 0x00007ffcbf482000 	C:\WINDOWS\System32\OLEAUT32.dll
0x00007ffcba8c0000 - 0x00007ffcbae87000 	C:\WINDOWS\SYSTEM32\d2d1.dll
0x00007ffcbb800000 - 0x00007ffcbb88b000 	C:\WINDOWS\SYSTEM32\apphelp.dll
0x00007ffcbbc00000 - 0x00007ffcbbc29000 	C:\WINDOWS\system32\DWMAPI.DLL
0x00007ffcbb9b0000 - 0x00007ffcbba48000 	C:\WINDOWS\system32\uxtheme.dll
0x00007ffcae580000 - 0x00007ffcae59e000 	C:\Users\boot\AppData\Local\Temp\native-platform9106431710361513878dir\native-platform.dll
0x00007ffcbc830000 - 0x00007ffcbc861000 	C:\WINDOWS\SYSTEM32\ntmarta.dll

VM Arguments:
jvm_args: -XX:MaxPermSize=512m -XX:+HeapDumpOnOutOfMemoryError -Xmx2048m -Dfile.encoding=UTF-8 -Duser.country=US -Duser.language=en -Duser.variant 
java_command: org.gradle.launcher.daemon.bootstrap.GradleDaemon 4.6
java_class_path (initial): C:\Users\boot\.gradle\wrapper\dists\gradle-4.6-all\bcst21l2brirad8k2ben1letg\gradle-4.6\lib\gradle-launcher-4.6.jar
Launcher Type: SUN_STANDARD

Environment Variables:
JAVA_HOME=C:\Program Files\Java\jdk1.8.0_102
PATH=C:\Program Files\ImageMagick-7.0.8-Q16;C:\ProgramData\Oracle\Java\javapath;C:\Windows\system32;C:\Windows;C:\Windows\System32\Wbem;C:\Windows\System32\WindowsPowerShell\v1.0\;C:\Program Files (x86)\NVIDIA Corporation\PhysX\Common;C:\Program Files\Microsoft SQL Server\110\Tools\Binn\;C:\Program Files (x86)\Microsoft SDKs\TypeScript\1.0\;C:\Program Files\Microsoft SQL Server\120\Tools\Binn\;C:\Program Files (x86)\Microsoft Emulator Manager\1.0\;C:\Program Files\Microsoft SQL Server\130\Tools\Binn\;C:\Program Files (x86)\Windows Kits\10\Windows Performance Toolkit\;C:\Program Files\dotnet\;C:\Program Files (x86)\GtkSharp\2.12\bin;C:\WINDOWS\system32;C:\WINDOWS;C:\WINDOWS\System32\Wbem;C:\WINDOWS\System32\WindowsPowerShell\v1.0\;C:\Program Files\Microsoft\Web Platform Installer\;C:\Program Files\nodejs\;C:\Python27;C:\WINDOWS\System32\OpenSSH\;C:\Program Files\Java\jdk1.8.0_102\bin;F:\androidsdk\platform-tools\;C:\Program Files\WinZip;C:\Ruby25-x64\bin;C:\Program Files\Git\cmd;C:\Program Files\NVIDIA Corporation\NVIDIA NvDLISR;C:\Ruby25-x64\bin;C:\Users\boot\AppData\Local\Microsoft\WindowsApps;C:\Users\boot\AppData\Local\GitHubDesktop\bin;C:\Users\boot\AppData\Roaming\npm;C:\Users\boot\AppData\Local\atom\bin;C:\Users\boot\AppData\Local\Microsoft\WindowsApps;C:\Users\boot\AppData\Local\Programs\Microsoft VS Code\bin;F:\androidsdk\platform-tools\;C:\Program Files\WinZip;C:\Users\boot\.gradle\wrapper\dists\gradle-4.7-all\4cret0dgl5o3b21weaoncl7ys\gradle-4.7\bin;
USERNAME=boot
OS=Windows_NT
PROCESSOR_IDENTIFIER=AMD64 Family 21 Model 2 Stepping 0, AuthenticAMD



---------------  S Y S T E M  ---------------

OS: Windows 10.0 , 64 bit Build 17134 (10.0.17134.1)

CPU:total 4 (initial active 4) (4 cores per cpu, 1 threads per core) family 21 model 2 stepping 0, cmov, cx8, fxsr, mmx, sse, sse2, sse3, ssse3, sse4.1, sse4.2, popcnt, avx, aes, clmul, mmxext, 3dnowpref, lzcnt, sse4a, tsc, tscinvbit, tscinv, bmi1

Memory: 4k page, physical 16724292k(2392580k free), swap 16724292k(66284k free)

vm_info: OpenJDK 64-Bit Server VM (25.152-b06) for windows-amd64 JRE (1.8.0_152-release-1136-b06), built by "builder" with MS VC++ 10.0 (VS2010)

time: Fri Dec 07 23:05:49 2018
elapsed time: 793 seconds (0d 0h 13m 13s)

