#
# There is insufficient memory for the Java Runtime Environment to continue.
# Native memory allocation (malloc) failed to allocate 70608 bytes for Chunk::new
# Possible reasons:
#   The system is out of physical RAM or swap space
#   In 32 bit mode, the process size limit was hit
# Possible solutions:
#   Reduce memory load on the system
#   Increase physical memory or swap space
#   Check if swap backing store is full
#   Use 64 bit Java on a 64 bit OS
#   Decrease Java heap size (-Xmx/-Xms)
#   Decrease number of Java threads
#   Decrease Java thread stack sizes (-Xss)
#   Set larger code cache with -XX:ReservedCodeCacheSize=
# This output file may be truncated or incomplete.
#
#  Out of Memory Error (allocation.cpp:390), pid=668, tid=0x0000000000000e90
#
# JRE version: OpenJDK Runtime Environment (8.0_152-b06) (build 1.8.0_152-release-1136-b06)
# Java VM: OpenJDK 64-Bit Server VM (25.152-b06 mixed mode windows-amd64 compressed oops)
# Failed to write core dump. Minidumps are not enabled by default on client versions of Windows
#

---------------  T H R E A D  ---------------

Current thread (0x0000000017b93800):  JavaThread "C2 CompilerThread1" daemon [_thread_in_native, id=3728, stack(0x00000000192d0000,0x00000000193d0000)]

Stack: [0x00000000192d0000,0x00000000193d0000]
[error occurred during error reporting (printing stack bounds), id 0xc0000005]

Native frames: (J=compiled Java code, j=interpreted, Vv=VM code, C=native code)


Current CompileTask:
C2:  22065 3269       4       sun.security.util.AbstractAlgorithmConstraints::checkAlgorithm (138 bytes)


---------------  P R O C E S S  ---------------

Java Threads: ( => current thread )
  0x000000001c819800 JavaThread "Cache worker for Artifact transforms cache (C:\Users\boot\.gradle\caches\transforms-1)" [_thread_blocked, id=3292, stack(0x000000001f050000,0x000000001f150000)]
  0x000000001ac28800 JavaThread "Cache worker for file hash cache (C:\Users\boot\Documents\android projects\steem\.gradle\4.6\fileHashes)" [_thread_blocked, id=8048, stack(0x000000001d6f0000,0x000000001d7f0000)]
  0x000000001b03a000 JavaThread "File lock request listener" [_thread_in_native, id=5128, stack(0x000000001c620000,0x000000001c720000)]
  0x0000000019d32000 JavaThread "Cache worker for file hash cache (C:\Users\boot\.gradle\caches\4.6\fileHashes)" [_thread_blocked, id=476, stack(0x000000001c520000,0x000000001c620000)]
  0x0000000019d33800 JavaThread "Stdin handler" [_thread_blocked, id=1164, stack(0x000000001c220000,0x000000001c320000)]
  0x0000000019d33000 JavaThread "Asynchronous log dispatcher for DefaultDaemonConnection: socket connection from /127.0.0.1:61588 to /127.0.0.1:61590" [_thread_blocked, id=7024, stack(0x000000001c120000,0x000000001c220000)]
  0x0000000019d2e800 JavaThread "Daemon worker" [_thread_in_native, id=16016, stack(0x000000001c020000,0x000000001c120000)]
  0x0000000019d2d800 JavaThread "Cancel handler" [_thread_blocked, id=15608, stack(0x000000001bf20000,0x000000001c020000)]
  0x0000000019c82800 JavaThread "Handler for socket connection from /127.0.0.1:61588 to /127.0.0.1:61590" [_thread_in_native, id=472, stack(0x000000001bc20000,0x000000001bd20000)]
  0x0000000019c80000 JavaThread "Daemon" [_thread_blocked, id=15620, stack(0x000000001bb20000,0x000000001bc20000)]
  0x0000000019d80000 JavaThread "Daemon periodic checks" [_thread_blocked, id=10872, stack(0x000000001ba20000,0x000000001bb20000)]
  0x0000000019566000 JavaThread "Incoming local TCP Connector on port 61588" [_thread_in_native, id=8160, stack(0x000000001b7e0000,0x000000001b8e0000)]
  0x00000000193d9000 JavaThread "Service Thread" daemon [_thread_blocked, id=10900, stack(0x00000000198d0000,0x00000000199d0000)]
  0x00000000193d3800 JavaThread "C1 CompilerThread2" daemon [_thread_blocked, id=2876, stack(0x00000000197d0000,0x00000000198d0000)]
=>0x0000000017b93800 JavaThread "C2 CompilerThread1" daemon [_thread_in_native, id=3728, stack(0x00000000192d0000,0x00000000193d0000)]
  0x0000000017b8e000 JavaThread "C2 CompilerThread0" daemon [_thread_blocked, id=1540, stack(0x00000000191d0000,0x00000000192d0000)]
  0x0000000017b8c800 JavaThread "Attach Listener" daemon [_thread_blocked, id=10316, stack(0x00000000190d0000,0x00000000191d0000)]
  0x0000000017b8b000 JavaThread "Signal Dispatcher" daemon [_thread_blocked, id=12240, stack(0x0000000018fd0000,0x00000000190d0000)]
  0x0000000002f68800 JavaThread "Finalizer" daemon [_thread_blocked, id=780, stack(0x0000000018de0000,0x0000000018ee0000)]
  0x0000000002f63000 JavaThread "Reference Handler" daemon [_thread_blocked, id=16364, stack(0x0000000018ce0000,0x0000000018de0000)]
  0x0000000002e73000 JavaThread "main" [_thread_blocked, id=10832, stack(0x0000000002d70000,0x0000000002e70000)]

Other Threads:
  0x0000000017b55800 VMThread [stack: 0x0000000018be0000,0x0000000018ce0000] [id=13272]
  0x00000000193da000 WatcherThread [stack: 0x00000000199d0000,0x0000000019ad0000] [id=6124]

VM state:not at safepoint (normal execution)

VM Mutex/Monitor currently owned by a thread: None

Heap:
 PSYoungGen      total 137728K, used 25869K [0x00000000d5580000, 0x00000000e2000000, 0x0000000100000000)
  eden space 126976K, 20% used [0x00000000d5580000,0x00000000d6ec34c8,0x00000000dd180000)
  from space 10752K, 0% used [0x00000000dd180000,0x00000000dd180000,0x00000000ddc00000)
  to   space 15360K, 0% used [0x00000000e1100000,0x00000000e1100000,0x00000000e2000000)
 ParOldGen       total 95232K, used 21420K [0x0000000080000000, 0x0000000085d00000, 0x00000000d5580000)
  object space 95232K, 22% used [0x0000000080000000,0x00000000814eb248,0x0000000085d00000)
 Metaspace       used 37269K, capacity 38130K, committed 38528K, reserved 1083392K
  class space    used 5076K, capacity 5402K, committed 5504K, reserved 1048576K

Card table byte_map: [0x0000000012330000,0x0000000012740000] byte_map_base: 0x0000000011f30000

Marking Bits: (ParMarkBitMap*) 0x000000006f4e5aa0
 Begin Bits: [0x0000000012df0000, 0x0000000014df0000)
 End Bits:   [0x0000000014df0000, 0x0000000016df0000)

Polling page: 0x0000000002c50000

CodeCache: size=245760Kb used=11840Kb max_used=11861Kb free=233919Kb
 bounds [0x0000000002f70000, 0x0000000003b20000, 0x0000000011f70000]
 total_blobs=3777 nmethods=3062 adapters=628
 compilation: enabled

Compilation events (10 events):
Event: 22.032 Thread 0x00000000193d3800 nmethod 3264 0x00000000034c5b10 code [0x00000000034c5c80, 0x00000000034c5f08]
Event: 22.032 Thread 0x00000000193d3800 3265       3       java.util.RegularEnumSet::add (40 bytes)
Event: 22.033 Thread 0x0000000017b93800 3269       4       sun.security.util.AbstractAlgorithmConstraints::checkAlgorithm (138 bytes)
Event: 22.033 Thread 0x00000000193d3800 nmethod 3265 0x00000000034c5590 code [0x00000000034c5700, 0x00000000034c5a28]
Event: 22.033 Thread 0x00000000193d3800 3266       3       java.util.EnumSet::typeCheck (59 bytes)
Event: 22.033 Thread 0x00000000193d3800 nmethod 3266 0x00000000034c2850 code [0x00000000034c2aa0, 0x00000000034c39b8]
Event: 22.033 Thread 0x00000000193d3800 3267       3       java.util.EnumSet::noneOf (63 bytes)
Event: 22.035 Thread 0x00000000193d3800 nmethod 3267 0x00000000034c0d10 code [0x00000000034c0fa0, 0x00000000034c1fe8]
Event: 22.035 Thread 0x00000000193d3800 3268       3       java.util.EnumSet::getUniverse (10 bytes)
Event: 22.035 Thread 0x00000000193d3800 nmethod 3268 0x00000000034c4e90 code [0x00000000034c5020, 0x00000000034c5408]

GC Heap History (10 events):
Event: 11.602 GC heap before
{Heap before GC invocations=3 (full 0):
 PSYoungGen      total 76288K, used 38916K [0x00000000d5580000, 0x00000000dea80000, 0x0000000100000000)
  eden space 65536K, 43% used [0x00000000d5580000,0x00000000d714f048,0x00000000d9580000)
  from space 10752K, 97% used [0x00000000da000000,0x00000000daa320c8,0x00000000daa80000)
  to   space 10752K, 0% used [0x00000000d9580000,0x00000000d9580000,0x00000000da000000)
 ParOldGen       total 175104K, used 24K [0x0000000080000000, 0x000000008ab00000, 0x00000000d5580000)
  object space 175104K, 0% used [0x0000000080000000,0x0000000080006000,0x000000008ab00000)
 Metaspace       used 20754K, capacity 21200K, committed 21248K, reserved 1067008K
  class space    used 2899K, capacity 3039K, committed 3072K, reserved 1048576K
Event: 11.622 GC heap after
Heap after GC invocations=3 (full 0):
 PSYoungGen      total 76288K, used 8908K [0x00000000d5580000, 0x00000000dea80000, 0x0000000100000000)
  eden space 65536K, 0% used [0x00000000d5580000,0x00000000d5580000,0x00000000d9580000)
  from space 10752K, 82% used [0x00000000d9580000,0x00000000d9e33208,0x00000000da000000)
  to   space 10752K, 0% used [0x00000000de000000,0x00000000de000000,0x00000000dea80000)
 ParOldGen       total 175104K, used 32K [0x0000000080000000, 0x000000008ab00000, 0x00000000d5580000)
  object space 175104K, 0% used [0x0000000080000000,0x0000000080008000,0x000000008ab00000)
 Metaspace       used 20754K, capacity 21200K, committed 21248K, reserved 1067008K
  class space    used 2899K, capacity 3039K, committed 3072K, reserved 1048576K
}
Event: 11.622 GC heap before
{Heap before GC invocations=4 (full 1):
 PSYoungGen      total 76288K, used 8908K [0x00000000d5580000, 0x00000000dea80000, 0x0000000100000000)
  eden space 65536K, 0% used [0x00000000d5580000,0x00000000d5580000,0x00000000d9580000)
  from space 10752K, 82% used [0x00000000d9580000,0x00000000d9e33208,0x00000000da000000)
  to   space 10752K, 0% used [0x00000000de000000,0x00000000de000000,0x00000000dea80000)
 ParOldGen       total 175104K, used 32K [0x0000000080000000, 0x000000008ab00000, 0x00000000d5580000)
  object space 175104K, 0% used [0x0000000080000000,0x0000000080008000,0x000000008ab00000)
 Metaspace       used 20754K, capacity 21200K, committed 21248K, reserved 1067008K
  class space    used 2899K, capacity 3039K, committed 3072K, reserved 1048576K
Event: 11.707 GC heap after
Heap after GC invocations=4 (full 1):
 PSYoungGen      total 76288K, used 0K [0x00000000d5580000, 0x00000000dea80000, 0x0000000100000000)
  eden space 65536K, 0% used [0x00000000d5580000,0x00000000d5580000,0x00000000d9580000)
  from space 10752K, 0% used [0x00000000d9580000,0x00000000d9580000,0x00000000da000000)
  to   space 10752K, 0% used [0x00000000de000000,0x00000000de000000,0x00000000dea80000)
 ParOldGen       total 95232K, used 8702K [0x0000000080000000, 0x0000000085d00000, 0x00000000d5580000)
  object space 95232K, 9% used [0x0000000080000000,0x000000008087f9a0,0x0000000085d00000)
 Metaspace       used 20754K, capacity 21200K, committed 21248K, reserved 1067008K
  class space    used 2899K, capacity 3039K, committed 3072K, reserved 1048576K
}
Event: 13.868 GC heap before
{Heap before GC invocations=5 (full 1):
 PSYoungGen      total 76288K, used 65536K [0x00000000d5580000, 0x00000000dea80000, 0x0000000100000000)
  eden space 65536K, 100% used [0x00000000d5580000,0x00000000d9580000,0x00000000d9580000)
  from space 10752K, 0% used [0x00000000d9580000,0x00000000d9580000,0x00000000da000000)
  to   space 10752K, 0% used [0x00000000de000000,0x00000000de000000,0x00000000dea80000)
 ParOldGen       total 95232K, used 8702K [0x0000000080000000, 0x0000000085d00000, 0x00000000d5580000)
  object space 95232K, 9% used [0x0000000080000000,0x000000008087f9a0,0x0000000085d00000)
 Metaspace       used 25984K, capacity 26504K, committed 26624K, reserved 1073152K
  class space    used 3634K, capacity 3797K, committed 3840K, reserved 1048576K
Event: 13.885 GC heap after
Heap after GC invocations=5 (full 1):
 PSYoungGen      total 115200K, used 6420K [0x00000000d5580000, 0x00000000de680000, 0x0000000100000000)
  eden space 108544K, 0% used [0x00000000d5580000,0x00000000d5580000,0x00000000dbf80000)
  from space 6656K, 96% used [0x00000000de000000,0x00000000de6452e8,0x00000000de680000)
  to   space 10752K, 0% used [0x00000000dd180000,0x00000000dd180000,0x00000000ddc00000)
 ParOldGen       total 95232K, used 8710K [0x0000000080000000, 0x0000000085d00000, 0x00000000d5580000)
  object space 95232K, 9% used [0x0000000080000000,0x00000000808819a0,0x0000000085d00000)
 Metaspace       used 25984K, capacity 26504K, committed 26624K, reserved 1073152K
  class space    used 3634K, capacity 3797K, committed 3840K, reserved 1048576K
}
Event: 18.785 GC heap before
{Heap before GC invocations=6 (full 1):
 PSYoungGen      total 115200K, used 113691K [0x00000000d5580000, 0x00000000de680000, 0x0000000100000000)
  eden space 108544K, 98% used [0x00000000d5580000,0x00000000dbe41a08,0x00000000dbf80000)
  from space 6656K, 96% used [0x00000000de000000,0x00000000de6452e8,0x00000000de680000)
  to   space 10752K, 0% used [0x00000000dd180000,0x00000000dd180000,0x00000000ddc00000)
 ParOldGen       total 95232K, used 8710K [0x0000000080000000, 0x0000000085d00000, 0x00000000d5580000)
  object space 95232K, 9% used [0x0000000080000000,0x00000000808819a0,0x0000000085d00000)
 Metaspace       used 34470K, capacity 35250K, committed 35416K, reserved 1079296K
  class space    used 4728K, capacity 5019K, committed 5120K, reserved 1048576K
Event: 18.819 GC heap after
Heap after GC invocations=6 (full 1):
 PSYoungGen      total 137728K, used 10724K [0x00000000d5580000, 0x00000000e2000000, 0x0000000100000000)
  eden space 126976K, 0% used [0x00000000d5580000,0x00000000d5580000,0x00000000dd180000)
  from space 10752K, 99% used [0x00000000dd180000,0x00000000ddbf9050,0x00000000ddc00000)
  to   space 15360K, 0% used [0x00000000e1100000,0x00000000e1100000,0x00000000e2000000)
 ParOldGen       total 95232K, used 13195K [0x0000000080000000, 0x0000000085d00000, 0x00000000d5580000)
  object space 95232K, 13% used [0x0000000080000000,0x0000000080ce2e98,0x0000000085d00000)
 Metaspace       used 34470K, capacity 35250K, committed 35416K, reserved 1079296K
  class space    used 4728K, capacity 5019K, committed 5120K, reserved 1048576K
}
Event: 18.819 GC heap before
{Heap before GC invocations=7 (full 2):
 PSYoungGen      total 137728K, used 10724K [0x00000000d5580000, 0x00000000e2000000, 0x0000000100000000)
  eden space 126976K, 0% used [0x00000000d5580000,0x00000000d5580000,0x00000000dd180000)
  from space 10752K, 99% used [0x00000000dd180000,0x00000000ddbf9050,0x00000000ddc00000)
  to   space 15360K, 0% used [0x00000000e1100000,0x00000000e1100000,0x00000000e2000000)
 ParOldGen       total 95232K, used 13195K [0x0000000080000000, 0x0000000085d00000, 0x00000000d5580000)
  object space 95232K, 13% used [0x0000000080000000,0x0000000080ce2e98,0x0000000085d00000)
 Metaspace       used 34470K, capacity 35250K, committed 35416K, reserved 1079296K
  class space    used 4728K, capacity 5019K, committed 5120K, reserved 1048576K
Event: 18.960 GC heap after
Heap after GC invocations=7 (full 2):
 PSYoungGen      total 137728K, used 0K [0x00000000d5580000, 0x00000000e2000000, 0x0000000100000000)
  eden space 126976K, 0% used [0x00000000d5580000,0x00000000d5580000,0x00000000dd180000)
  from space 10752K, 0% used [0x00000000dd180000,0x00000000dd180000,0x00000000ddc00000)
  to   space 15360K, 0% used [0x00000000e1100000,0x00000000e1100000,0x00000000e2000000)
 ParOldGen       total 95232K, used 21420K [0x0000000080000000, 0x0000000085d00000, 0x00000000d5580000)
  object space 95232K, 22% used [0x0000000080000000,0x00000000814eb248,0x0000000085d00000)
 Metaspace       used 34447K, capacity 35222K, committed 35416K, reserved 1079296K
  class space    used 4721K, capacity 5011K, committed 5120K, reserved 1048576K
}

Deoptimization events (10 events):
Event: 19.151 Thread 0x0000000019d2e800 Uncommon trap: reason=unstable_if action=reinterpret pc=0x0000000003ac5730 method=java.lang.Character.isSurrogate(C)Z @ 3
Event: 19.170 Thread 0x0000000019d2e800 Uncommon trap: reason=unstable_if action=reinterpret pc=0x00000000034813c0 method=java.util.concurrent.ConcurrentHashMap.putVal(Ljava/lang/Object;Ljava/lang/Object;Z)Ljava/lang/Object; @ 195
Event: 19.191 Thread 0x0000000019d2e800 Uncommon trap: reason=unstable_if action=reinterpret pc=0x00000000030fc9a8 method=java.util.concurrent.ConcurrentHashMap.transfer([Ljava/util/concurrent/ConcurrentHashMap$Node;[Ljava/util/concurrent/ConcurrentHashMap$Node;)V @ 356
Event: 19.441 Thread 0x0000000019d2e800 Uncommon trap: reason=unstable_if action=reinterpret pc=0x000000000397acc8 method=java.net.URI$Parser.scan(IILjava/lang/String;Ljava/lang/String;)I @ 23
Event: 19.517 Thread 0x0000000019d2e800 Uncommon trap: reason=unstable_if action=reinterpret pc=0x0000000003a1b81c method=java.lang.CharacterDataLatin1.digit(II)I @ 82
Event: 19.517 Thread 0x0000000019d2e800 Uncommon trap: reason=unstable_if action=reinterpret pc=0x0000000003a2b454 method=java.lang.CharacterDataLatin1.digit(II)I @ 82
Event: 19.665 Thread 0x0000000019d2e800 Uncommon trap: reason=class_check action=maybe_recompile pc=0x0000000003a18204 method=java.io.BufferedInputStream.read1([BII)I @ 39
Event: 19.665 Thread 0x0000000019d2e800 Uncommon trap: reason=class_check action=maybe_recompile pc=0x0000000003a0f158 method=java.io.BufferedInputStream.read1([BII)I @ 39
Event: 19.863 Thread 0x0000000019d2e800 Uncommon trap: reason=unstable_if action=reinterpret pc=0x000000000308973c method=java.lang.CharacterDataLatin1.isWhitespace(I)Z @ 14
Event: 19.976 Thread 0x0000000019d2e800 Uncommon trap: reason=unstable_if action=reinterpret pc=0x0000000003213cb0 method=java.util.Arrays.equals([B[B)Z @ 12

Classes redefined (0 events):
No events

Internal exceptions (10 events):
Event: 18.151 Thread 0x0000000019d2e800 Exception <a 'java/lang/ClassNotFoundException': org/gradle/api/internal/artifacts/repositories/DefaultMavenArtifactRepository_DecoratedCustomizer> (0x00000000da994380) thrown at [D:\src\AOSP-openjdk-cygwin\jdk8u\hotspot\src\share\vm\classfile\systemDicti
Event: 18.239 Thread 0x0000000019d2e800 Exception <a 'java/lang/ClassNotFoundException': groovy/lang/GString$1BeanInfo> (0x00000000daaacad0) thrown at [D:\src\AOSP-openjdk-cygwin\jdk8u\hotspot\src\share\vm\classfile\systemDictionary.cpp, line 210]
Event: 18.240 Thread 0x0000000019d2e800 Exception <a 'java/lang/ClassNotFoundException': groovy/lang/GStringBeanInfo> (0x00000000daac9208) thrown at [D:\src\AOSP-openjdk-cygwin\jdk8u\hotspot\src\share\vm\classfile\systemDictionary.cpp, line 210]
Event: 18.241 Thread 0x0000000019d2e800 Exception <a 'java/lang/ClassNotFoundException': groovy/lang/GStringCustomizer> (0x00000000daae6328) thrown at [D:\src\AOSP-openjdk-cygwin\jdk8u\hotspot\src\share\vm\classfile\systemDictionary.cpp, line 210]
Event: 18.247 Thread 0x0000000019d2e800 Exception <a 'java/lang/ClassNotFoundException': groovy/lang/GString$1Customizer> (0x00000000dab0fbf8) thrown at [D:\src\AOSP-openjdk-cygwin\jdk8u\hotspot\src\share\vm\classfile\systemDictionary.cpp, line 210]
Event: 18.262 Thread 0x0000000019d2e800 Exception <a 'java/lang/ClassNotFoundException': org/codehaus/groovy/runtime/GStringImplBeanInfo> (0x00000000dab68310) thrown at [D:\src\AOSP-openjdk-cygwin\jdk8u\hotspot\src\share\vm\classfile\systemDictionary.cpp, line 210]
Event: 18.263 Thread 0x0000000019d2e800 Exception <a 'java/lang/ClassNotFoundException': org/codehaus/groovy/runtime/GStringImplCustomizer> (0x00000000dab8dd90) thrown at [D:\src\AOSP-openjdk-cygwin\jdk8u\hotspot\src\share\vm\classfile\systemDictionary.cpp, line 210]
Event: 18.462 Thread 0x0000000019d2e800 Implicit null exception at 0x00000000033d08a8 to 0x00000000033d0d91
Event: 18.979 Thread 0x0000000019d2e800 Implicit null exception at 0x000000000371b16c to 0x000000000371ced5
Event: 19.976 Thread 0x0000000019d2e800 Implicit null exception at 0x0000000003213b58 to 0x0000000003213c9d

Events (10 events):
Event: 20.594 loading class com/google/common/collect/MapMaker$RemovalCause$2
Event: 20.594 loading class com/google/common/collect/MapMaker$RemovalCause$2 done
Event: 20.594 loading class com/google/common/collect/MapMaker$RemovalCause$3
Event: 20.594 loading class com/google/common/collect/MapMaker$RemovalCause$3 done
Event: 20.594 loading class com/google/common/collect/MapMaker$RemovalCause$4
Event: 20.594 loading class com/google/common/collect/MapMaker$RemovalCause$4 done
Event: 20.594 loading class com/google/common/collect/MapMaker$RemovalCause$5
Event: 20.594 loading class com/google/common/collect/MapMaker$RemovalCause$5 done
Event: 21.937 loading class org/apache/http/impl/client/RedirectLocations
Event: 21.937 loading class org/apache/http/impl/client/RedirectLocations done


Dynamic libraries:
0x00007ff75f1c0000 - 0x00007ff75f1f1000 	F:\android studio 2.2\jre\bin\java.exe
0x00007ffed3f80000 - 0x00007ffed4161000 	C:\WINDOWS\SYSTEM32\ntdll.dll
0x00007ffe9d410000 - 0x00007ffe9d424000 	C:\Program Files\AVAST Software\Avast\x64\aswhooka.dll
0x00007ffed1410000 - 0x00007ffed14c2000 	C:\WINDOWS\System32\KERNEL32.DLL
0x00007ffed1190000 - 0x00007ffed1403000 	C:\WINDOWS\System32\KERNELBASE.dll
0x00007ffed1b80000 - 0x00007ffed1c21000 	C:\WINDOWS\System32\ADVAPI32.dll
0x00007ffed1a00000 - 0x00007ffed1a9e000 	C:\WINDOWS\System32\msvcrt.dll
0x00007ffed1630000 - 0x00007ffed168b000 	C:\WINDOWS\System32\sechost.dll
0x00007ffed1c30000 - 0x00007ffed1d54000 	C:\WINDOWS\System32\RPCRT4.dll
0x00007ffed1870000 - 0x00007ffed1a00000 	C:\WINDOWS\System32\USER32.dll
0x00007ffed1170000 - 0x00007ffed1190000 	C:\WINDOWS\System32\win32u.dll
0x00007ffed1d60000 - 0x00007ffed1d88000 	C:\WINDOWS\System32\GDI32.dll
0x00007ffed0ce0000 - 0x00007ffed0e72000 	C:\WINDOWS\System32\gdi32full.dll
0x00007ffed0c40000 - 0x00007ffed0cdf000 	C:\WINDOWS\System32\msvcp_win.dll
0x00007ffed0e80000 - 0x00007ffed0f7a000 	C:\WINDOWS\System32\ucrtbase.dll
0x00007ffec4c60000 - 0x00007ffec4ec9000 	C:\WINDOWS\WinSxS\amd64_microsoft.windows.common-controls_6595b64144ccf1df_6.0.17134.407_none_fb449d63306391e9\COMCTL32.dll
0x00007ffed3a20000 - 0x00007ffed3d42000 	C:\WINDOWS\System32\combase.dll
0x00007ffed03a0000 - 0x00007ffed041a000 	C:\WINDOWS\System32\bcryptPrimitives.dll
0x00007ffed1840000 - 0x00007ffed186d000 	C:\WINDOWS\System32\IMM32.DLL
0x000000006e100000 - 0x000000006e1d2000 	F:\android studio 2.2\jre\jre\bin\msvcr100.dll
0x000000006ed20000 - 0x000000006f561000 	F:\android studio 2.2\jre\jre\bin\server\jvm.dll
0x00007ffed2280000 - 0x00007ffed2288000 	C:\WINDOWS\System32\PSAPI.DLL
0x00007ffeb6240000 - 0x00007ffeb6249000 	C:\WINDOWS\SYSTEM32\WSOCK32.dll
0x00007ffed3950000 - 0x00007ffed39bc000 	C:\WINDOWS\System32\WS2_32.dll
0x00007ffece210000 - 0x00007ffece233000 	C:\WINDOWS\SYSTEM32\WINMM.dll
0x00007ffecb0e0000 - 0x00007ffecb0ea000 	C:\WINDOWS\SYSTEM32\VERSION.dll
0x00007ffece1e0000 - 0x00007ffece20a000 	C:\WINDOWS\SYSTEM32\WINMMBASE.dll
0x00007ffed0350000 - 0x00007ffed0399000 	C:\WINDOWS\System32\cfgmgr32.dll
0x00007ffeccbc0000 - 0x00007ffeccbcf000 	F:\android studio 2.2\jre\jre\bin\verify.dll
0x00007ffeccb90000 - 0x00007ffeccbb9000 	F:\android studio 2.2\jre\jre\bin\java.dll
0x00007ffeccb30000 - 0x00007ffeccb46000 	F:\android studio 2.2\jre\jre\bin\zip.dll
0x00007ffed2510000 - 0x00007ffed394f000 	C:\WINDOWS\System32\SHELL32.dll
0x00007ffed2290000 - 0x00007ffed2339000 	C:\WINDOWS\System32\shcore.dll
0x00007ffed04d0000 - 0x00007ffed0bdd000 	C:\WINDOWS\System32\windows.storage.dll
0x00007ffed1b20000 - 0x00007ffed1b71000 	C:\WINDOWS\System32\shlwapi.dll
0x00007ffed02b0000 - 0x00007ffed02c1000 	C:\WINDOWS\System32\kernel.appcore.dll
0x00007ffed0290000 - 0x00007ffed02af000 	C:\WINDOWS\System32\profapi.dll
0x00007ffed02f0000 - 0x00007ffed033c000 	C:\WINDOWS\System32\powrprof.dll
0x00007ffed0340000 - 0x00007ffed034a000 	C:\WINDOWS\System32\FLTLIB.DLL
0x00007ffeccb10000 - 0x00007ffeccb2a000 	F:\android studio 2.2\jre\jre\bin\net.dll
0x00007ffecfa60000 - 0x00007ffecfac6000 	C:\WINDOWS\system32\mswsock.dll
0x00007ffeccaf0000 - 0x00007ffeccb01000 	F:\android studio 2.2\jre\jre\bin\nio.dll
0x00007ffebb470000 - 0x00007ffebb48e000 	C:\Users\boot\.gradle\native\25\windows-amd64\native-platform.dll
0x00007ffeccb80000 - 0x00007ffeccb8d000 	F:\android studio 2.2\jre\jre\bin\management.dll
0x00007ffed0000000 - 0x00007ffed0017000 	C:\WINDOWS\SYSTEM32\CRYPTSP.dll
0x00007ffecf650000 - 0x00007ffecf683000 	C:\WINDOWS\system32\rsaenh.dll
0x00007ffecffd0000 - 0x00007ffecfff5000 	C:\WINDOWS\SYSTEM32\bcrypt.dll
0x00007ffed0190000 - 0x00007ffed01b8000 	C:\WINDOWS\SYSTEM32\USERENV.dll
0x00007ffecfc20000 - 0x00007ffecfc2b000 	C:\WINDOWS\SYSTEM32\CRYPTBASE.dll
0x00007ffecf7f0000 - 0x00007ffecf828000 	C:\WINDOWS\SYSTEM32\IPHLPAPI.DLL
0x00007ffed1690000 - 0x00007ffed1698000 	C:\WINDOWS\System32\NSI.dll
0x00007ffec9000000 - 0x00007ffec9016000 	C:\WINDOWS\SYSTEM32\dhcpcsvc6.DLL
0x00007ffec8e40000 - 0x00007ffec8e5a000 	C:\WINDOWS\SYSTEM32\dhcpcsvc.DLL
0x00007ffeba7e0000 - 0x00007ffeba804000 	F:\android studio 2.2\jre\jre\bin\sunec.dll
0x00007ffecf840000 - 0x00007ffecf8fe000 	C:\WINDOWS\SYSTEM32\DNSAPI.dll
0x00007ffec9640000 - 0x00007ffec9656000 	C:\WINDOWS\system32\wlidnsp.dll
0x00007ffec9630000 - 0x00007ffec963a000 	C:\Windows\System32\rasadhlp.dll
0x00007ffec95b0000 - 0x00007ffec9622000 	C:\WINDOWS\System32\fwpuclnt.dll
0x00007ffecb5a0000 - 0x00007ffecb5ab000 	F:\android studio 2.2\jre\jre\bin\sunmscapi.dll
0x00007ffed0f80000 - 0x00007ffed1162000 	C:\WINDOWS\System32\CRYPT32.dll
0x00007ffed02d0000 - 0x00007ffed02e2000 	C:\WINDOWS\System32\MSASN1.dll

VM Arguments:
jvm_args: -XX:MaxPermSize=512m -XX:+HeapDumpOnOutOfMemoryError -Xmx2048m -Dfile.encoding=UTF-8 -Duser.country=US -Duser.language=en -Duser.variant 
java_command: org.gradle.launcher.daemon.bootstrap.GradleDaemon 4.6
java_class_path (initial): C:\Users\boot\.gradle\wrapper\dists\gradle-4.6-all\bcst21l2brirad8k2ben1letg\gradle-4.6\lib\gradle-launcher-4.6.jar
Launcher Type: SUN_STANDARD

Environment Variables:
JAVA_HOME=C:\Program Files\Java\jdk1.8.0_102
PATH=C:\Program Files\ImageMagick-7.0.8-Q16;C:\ProgramData\Oracle\Java\javapath;C:\Windows\system32;C:\Windows;C:\Windows\System32\Wbem;C:\Windows\System32\WindowsPowerShell\v1.0\;C:\Program Files (x86)\NVIDIA Corporation\PhysX\Common;C:\Program Files\Microsoft SQL Server\110\Tools\Binn\;C:\Program Files (x86)\Microsoft SDKs\TypeScript\1.0\;C:\Program Files\Microsoft SQL Server\120\Tools\Binn\;C:\Program Files (x86)\Microsoft Emulator Manager\1.0\;C:\Program Files\Microsoft SQL Server\130\Tools\Binn\;C:\Program Files (x86)\Windows Kits\10\Windows Performance Toolkit\;C:\Program Files\dotnet\;C:\Program Files (x86)\GtkSharp\2.12\bin;C:\WINDOWS\system32;C:\WINDOWS;C:\WINDOWS\System32\Wbem;C:\WINDOWS\System32\WindowsPowerShell\v1.0\;C:\Program Files\Microsoft\Web Platform Installer\;C:\Program Files\nodejs\;C:\Python27;C:\WINDOWS\System32\OpenSSH\;C:\Program Files\Java\jdk1.8.0_102\bin;F:\androidsdk\platform-tools\;C:\Program Files\WinZip;C:\Ruby25-x64\bin;C:\Program Files\Git\cmd;C:\Ruby25-x64\bin;C:\Users\boot\AppData\Local\Microsoft\WindowsApps;C:\Users\boot\AppData\Local\GitHubDesktop\bin;C:\Users\boot\AppData\Roaming\npm;C:\Users\boot\AppData\Local\atom\bin;C:\Users\boot\AppData\Local\Microsoft\WindowsApps;C:\Users\boot\AppData\Local\Programs\Microsoft VS Code\bin;F:\androidsdk\platform-tools\;C:\Program Files\WinZip;C:\Users\boot\.gradle\wrapper\dists\gradle-4.7-all\4cret0dgl5o3b21weaoncl7ys\gradle-4.7\bin;
USERNAME=boot
OS=Windows_NT
PROCESSOR_IDENTIFIER=AMD64 Family 21 Model 2 Stepping 0, AuthenticAMD



---------------  S Y S T E M  ---------------

OS: Windows 10.0 , 64 bit Build 17134 (10.0.17134.1)

CPU:total 4 (initial active 4) (4 cores per cpu, 1 threads per core) family 21 model 2 stepping 0, cmov, cx8, fxsr, mmx, sse, sse2, sse3, ssse3, sse4.1, sse4.2, popcnt, avx, aes, clmul, mmxext, 3dnowpref, lzcnt, sse4a, tsc, tscinvbit, tscinv, bmi1

Memory: 4k page, physical 16724292k(4413116k free), swap 16724292k(64k free)

vm_info: OpenJDK 64-Bit Server VM (25.152-b06) for windows-amd64 JRE (1.8.0_152-release-1136-b06), built by "builder" with MS VC++ 10.0 (VS2010)

time: Thu Nov 15 15:21:37 2018
elapsed time: 22 seconds (0d 0h 0m 22s)

