#
# There is insufficient memory for the Java Runtime Environment to continue.
# Native memory allocation (malloc) failed to allocate 1021936 bytes for Chunk::new
# Possible reasons:
#   The system is out of physical RAM or swap space
#   In 32 bit mode, the process size limit was hit
# Possible solutions:
#   Reduce memory load on the system
#   Increase physical memory or swap space
#   Check if swap backing store is full
#   Use 64 bit Java on a 64 bit OS
#   Decrease Java heap size (-Xmx/-Xms)
#   Decrease number of Java threads
#   Decrease Java thread stack sizes (-Xss)
#   Set larger code cache with -XX:ReservedCodeCacheSize=
# This output file may be truncated or incomplete.
#
#  Out of Memory Error (allocation.cpp:390), pid=12220, tid=0x0000000000002dd8
#
# JRE version: OpenJDK Runtime Environment (8.0_152-b02) (build 1.8.0_152-release-1024-b02)
# Java VM: OpenJDK 64-Bit Server VM (25.152-b02 mixed mode windows-amd64 compressed oops)
# Failed to write core dump. Minidumps are not enabled by default on client versions of Windows
#

---------------  T H R E A D  ---------------

Current thread (0x0000000019622000):  JavaThread "C2 CompilerThread1" daemon [_thread_in_native, id=11736, stack(0x000000001ae60000,0x000000001af60000)]

Stack: [0x000000001ae60000,0x000000001af60000]
[error occurred during error reporting (printing stack bounds), id 0xc0000005]

Native frames: (J=compiled Java code, j=interpreted, Vv=VM code, C=native code)


Current CompileTask:
C2:  60803 17784       4       org.jetbrains.kotlin.load.kotlin.TypeSignatureMappingKt::mapType (746 bytes)


---------------  P R O C E S S  ---------------

Java Threads: ( => current thread )
  0x000000001b838800 JavaThread "RMI RenewClean-[localhost:60784,org.jetbrains.kotlin.daemon.common.LoopbackNetworkInterface$ClientLoopbackSocketFactory@2d7f81c1]" daemon [_thread_blocked, id=15980, stack(0x000000001cf80000,0x000000001d080000)]
  0x000000001b82b800 JavaThread "RMI TCP Connection(2)-127.0.0.1" daemon [_thread_in_native, id=5112, stack(0x000000001ce80000,0x000000001cf80000)]
  0x000000001b829000 JavaThread "RMI Scheduler(0)" daemon [_thread_blocked, id=7536, stack(0x000000001cd80000,0x000000001ce80000)]
  0x000000001b7f5000 JavaThread "RMI TCP Connection(idle)" daemon [_thread_blocked, id=13640, stack(0x000000001cc80000,0x000000001cd80000)]
  0x00000000048fe800 JavaThread "DestroyJavaVM" [_thread_blocked, id=2708, stack(0x0000000004760000,0x0000000004860000)]
  0x000000001b7e8800 JavaThread "GC Daemon" daemon [_thread_blocked, id=7528, stack(0x000000001c5a0000,0x000000001c6a0000)]
  0x000000001b7eb800 JavaThread "RMI Reaper" [_thread_blocked, id=6456, stack(0x000000001c4a0000,0x000000001c5a0000)]
  0x000000001b764000 JavaThread "Timer-0" daemon [_thread_blocked, id=11928, stack(0x000000001c2a0000,0x000000001c3a0000)]
  0x000000001b75d000 JavaThread "RMI TCP Accept-17076" daemon [_thread_in_native, id=14956, stack(0x000000001c1a0000,0x000000001c2a0000)]
  0x000000001967d800 JavaThread "Service Thread" daemon [_thread_blocked, id=8676, stack(0x000000001b460000,0x000000001b560000)]
  0x0000000019626000 JavaThread "C1 CompilerThread2" daemon [_thread_blocked, id=15564, stack(0x000000001af60000,0x000000001b060000)]
=>0x0000000019622000 JavaThread "C2 CompilerThread1" daemon [_thread_in_native, id=11736, stack(0x000000001ae60000,0x000000001af60000)]
  0x000000001961f000 JavaThread "C2 CompilerThread0" daemon [_thread_in_vm, id=14576, stack(0x000000001ad60000,0x000000001ae60000)]
  0x000000001961d800 JavaThread "Attach Listener" daemon [_thread_blocked, id=4880, stack(0x000000001ac60000,0x000000001ad60000)]
  0x000000001961c800 JavaThread "Signal Dispatcher" daemon [_thread_blocked, id=10660, stack(0x000000001ab60000,0x000000001ac60000)]
  0x00000000049fc000 JavaThread "Finalizer" daemon [_thread_blocked, id=10228, stack(0x000000001a870000,0x000000001a970000)]
  0x00000000049f3000 JavaThread "Reference Handler" daemon [_thread_blocked, id=8928, stack(0x000000001a770000,0x000000001a870000)]

Other Threads:
  0x00000000195e5800 VMThread [stack: 0x000000001a670000,0x000000001a770000] [id=2816]
  0x000000001967e000 WatcherThread [stack: 0x000000001b560000,0x000000001b660000] [id=9740]

VM state:not at safepoint (normal execution)

VM Mutex/Monitor currently owned by a thread: None

Heap:
 PSYoungGen      total 443904K, used 153869K [0x00000000d5580000, 0x00000000f9080000, 0x0000000100000000)
  eden space 391168K, 36% used [0x00000000d5580000,0x00000000de2c2c80,0x00000000ed380000)
  from space 52736K, 17% used [0x00000000f1c80000,0x00000000f2580880,0x00000000f5000000)
  to   space 74752K, 0% used [0x00000000ed380000,0x00000000ed380000,0x00000000f1c80000)
 ParOldGen       total 149504K, used 115605K [0x0000000080000000, 0x0000000089200000, 0x00000000d5580000)
  object space 149504K, 77% used [0x0000000080000000,0x00000000870e55c0,0x0000000089200000)
 Metaspace       used 63675K, capacity 65355K, committed 65576K, reserved 1107968K
  class space    used 7264K, capacity 7635K, committed 7728K, reserved 1048576K

Card table byte_map: [0x0000000013dc0000,0x00000000141d0000] byte_map_base: 0x00000000139c0000

Marking Bits: (ParMarkBitMap*) 0x000000006c064970
 Begin Bits: [0x0000000014880000, 0x0000000016880000)
 End Bits:   [0x0000000016880000, 0x0000000018880000)

Polling page: 0x0000000002eb0000

CodeCache: size=245760Kb used=53752Kb max_used=53857Kb free=192007Kb
 bounds [0x0000000004a00000, 0x0000000007f30000, 0x0000000013a00000]
 total_blobs=14281 nmethods=13752 adapters=439
 compilation: enabled

Compilation events (10 events):
Event: 60.723 Thread 0x0000000019626000 17803       3       org.jetbrains.kotlin.codegen.state.TypeMappingUtil::canHaveSubtypesIgnoringNullability (230 bytes)
Event: 60.724 Thread 0x0000000019626000 nmethod 17803 0x0000000007a16fd0 code [0x0000000007a17360, 0x0000000007a18db8]
Event: 60.729 Thread 0x0000000019626000 17804       3       org.jetbrains.kotlin.codegen.state.KotlinTypeMapper::writeGenericArguments (171 bytes)
Event: 60.731 Thread 0x0000000019626000 nmethod 17804 0x0000000007a144d0 code [0x0000000007a14820, 0x0000000007a16228]
Event: 60.738 Thread 0x0000000019626000 17805       3       org.jetbrains.kotlin.codegen.AsmUtil::genClosureFields (96 bytes)
Event: 60.741 Thread 0x0000000019626000 nmethod 17805 0x0000000007a10550 code [0x0000000007a10960, 0x0000000007a12b88]
Event: 60.741 Thread 0x0000000019626000 17807       3       org.jetbrains.kotlin.codegen.AsmUtil::genClosureFields (67 bytes)
Event: 60.741 Thread 0x0000000019626000 nmethod 17807 0x0000000006870710 code [0x0000000006870940, 0x0000000006871578]
Event: 60.741 Thread 0x0000000019626000 17806       3       org.jetbrains.kotlin.codegen.binding.MutableClosure::getRecordedFields (18 bytes)
Event: 60.742 Thread 0x0000000019626000 nmethod 17806 0x0000000005d32450 code [0x0000000005d325c0, 0x0000000005d327d0]

GC Heap History (10 events):
Event: 32.577 GC heap before
{Heap before GC invocations=12 (full 3):
 PSYoungGen      total 312832K, used 312800K [0x00000000d5580000, 0x00000000ec780000, 0x0000000100000000)
  eden space 274944K, 100% used [0x00000000d5580000,0x00000000e6200000,0x00000000e6200000)
  from space 37888K, 99% used [0x00000000e9180000,0x00000000eb678130,0x00000000eb680000)
  to   space 48640K, 0% used [0x00000000e6200000,0x00000000e6200000,0x00000000e9180000)
 ParOldGen       total 149504K, used 53076K [0x0000000080000000, 0x0000000089200000, 0x00000000d5580000)
  object space 149504K, 35% used [0x0000000080000000,0x00000000833d5190,0x0000000089200000)
 Metaspace       used 53905K, capacity 54955K, committed 55208K, reserved 1097728K
  class space    used 6468K, capacity 6745K, committed 6832K, reserved 1048576K
Event: 32.778 GC heap after
Heap after GC invocations=12 (full 3):
 PSYoungGen      total 323584K, used 48613K [0x00000000d5580000, 0x00000000f5700000, 0x0000000100000000)
  eden space 274944K, 0% used [0x00000000d5580000,0x00000000d5580000,0x00000000e6200000)
  from space 48640K, 99% used [0x00000000e6200000,0x00000000e91797b0,0x00000000e9180000)
  to   space 59904K, 0% used [0x00000000f1c80000,0x00000000f1c80000,0x00000000f5700000)
 ParOldGen       total 149504K, used 60528K [0x0000000080000000, 0x0000000089200000, 0x00000000d5580000)
  object space 149504K, 40% used [0x0000000080000000,0x0000000083b1c198,0x0000000089200000)
 Metaspace       used 53905K, capacity 54955K, committed 55208K, reserved 1097728K
  class space    used 6468K, capacity 6745K, committed 6832K, reserved 1048576K
}
Event: 42.834 GC heap before
{Heap before GC invocations=13 (full 3):
 PSYoungGen      total 323584K, used 323557K [0x00000000d5580000, 0x00000000f5700000, 0x0000000100000000)
  eden space 274944K, 100% used [0x00000000d5580000,0x00000000e6200000,0x00000000e6200000)
  from space 48640K, 99% used [0x00000000e6200000,0x00000000e91797b0,0x00000000e9180000)
  to   space 59904K, 0% used [0x00000000f1c80000,0x00000000f1c80000,0x00000000f5700000)
 ParOldGen       total 149504K, used 60528K [0x0000000080000000, 0x0000000089200000, 0x00000000d5580000)
  object space 149504K, 40% used [0x0000000080000000,0x0000000083b1c198,0x0000000089200000)
 Metaspace       used 55482K, capacity 56883K, committed 57128K, reserved 1099776K
  class space    used 6600K, capacity 6929K, committed 6960K, reserved 1048576K
Event: 42.959 GC heap after
Heap after GC invocations=13 (full 3):
 PSYoungGen      total 401408K, used 52246K [0x00000000d5580000, 0x00000000f5000000, 0x0000000100000000)
  eden space 348672K, 0% used [0x00000000d5580000,0x00000000d5580000,0x00000000eaa00000)
  from space 52736K, 99% used [0x00000000f1c80000,0x00000000f4f858e8,0x00000000f5000000)
  to   space 67072K, 0% used [0x00000000ecd00000,0x00000000ecd00000,0x00000000f0e80000)
 ParOldGen       total 149504K, used 70901K [0x0000000080000000, 0x0000000089200000, 0x00000000d5580000)
  object space 149504K, 47% used [0x0000000080000000,0x000000008453d4d8,0x0000000089200000)
 Metaspace       used 55482K, capacity 56883K, committed 57128K, reserved 1099776K
  class space    used 6600K, capacity 6929K, committed 6960K, reserved 1048576K
}
Event: 48.160 GC heap before
{Heap before GC invocations=14 (full 3):
 PSYoungGen      total 401408K, used 300091K [0x00000000d5580000, 0x00000000f5000000, 0x0000000100000000)
  eden space 348672K, 71% used [0x00000000d5580000,0x00000000e4789408,0x00000000eaa00000)
  from space 52736K, 99% used [0x00000000f1c80000,0x00000000f4f858e8,0x00000000f5000000)
  to   space 67072K, 0% used [0x00000000ecd00000,0x00000000ecd00000,0x00000000f0e80000)
 ParOldGen       total 149504K, used 70901K [0x0000000080000000, 0x0000000089200000, 0x00000000d5580000)
  object space 149504K, 47% used [0x0000000080000000,0x000000008453d4d8,0x0000000089200000)
 Metaspace       used 57634K, capacity 59077K, committed 59160K, reserved 1101824K
  class space    used 6738K, capacity 7070K, committed 7088K, reserved 1048576K
Event: 48.323 GC heap after
Heap after GC invocations=14 (full 3):
 PSYoungGen      total 415744K, used 61690K [0x00000000d5580000, 0x00000000f5000000, 0x0000000100000000)
  eden space 348672K, 0% used [0x00000000d5580000,0x00000000d5580000,0x00000000eaa00000)
  from space 67072K, 91% used [0x00000000ecd00000,0x00000000f093e9c0,0x00000000f0e80000)
  to   space 52736K, 0% used [0x00000000f1c80000,0x00000000f1c80000,0x00000000f5000000)
 ParOldGen       total 149504K, used 70909K [0x0000000080000000, 0x0000000089200000, 0x00000000d5580000)
  object space 149504K, 47% used [0x0000000080000000,0x000000008453f4d8,0x0000000089200000)
 Metaspace       used 57634K, capacity 59077K, committed 59160K, reserved 1101824K
  class space    used 6738K, capacity 7070K, committed 7088K, reserved 1048576K
}
Event: 48.323 GC heap before
{Heap before GC invocations=15 (full 4):
 PSYoungGen      total 415744K, used 61690K [0x00000000d5580000, 0x00000000f5000000, 0x0000000100000000)
  eden space 348672K, 0% used [0x00000000d5580000,0x00000000d5580000,0x00000000eaa00000)
  from space 67072K, 91% used [0x00000000ecd00000,0x00000000f093e9c0,0x00000000f0e80000)
  to   space 52736K, 0% used [0x00000000f1c80000,0x00000000f1c80000,0x00000000f5000000)
 ParOldGen       total 149504K, used 70909K [0x0000000080000000, 0x0000000089200000, 0x00000000d5580000)
  object space 149504K, 47% used [0x0000000080000000,0x000000008453f4d8,0x0000000089200000)
 Metaspace       used 57634K, capacity 59077K, committed 59160K, reserved 1101824K
  class space    used 6738K, capacity 7070K, committed 7088K, reserved 1048576K
Event: 49.218 GC heap after
Heap after GC invocations=15 (full 4):
 PSYoungGen      total 415744K, used 0K [0x00000000d5580000, 0x00000000f5000000, 0x0000000100000000)
  eden space 348672K, 0% used [0x00000000d5580000,0x00000000d5580000,0x00000000eaa00000)
  from space 67072K, 0% used [0x00000000ecd00000,0x00000000ecd00000,0x00000000f0e80000)
  to   space 52736K, 0% used [0x00000000f1c80000,0x00000000f1c80000,0x00000000f5000000)
 ParOldGen       total 149504K, used 115597K [0x0000000080000000, 0x0000000089200000, 0x00000000d5580000)
  object space 149504K, 77% used [0x0000000080000000,0x00000000870e35c0,0x0000000089200000)
 Metaspace       used 57634K, capacity 59077K, committed 59160K, reserved 1101824K
  class space    used 6738K, capacity 7070K, committed 7088K, reserved 1048576K
}
Event: 58.649 GC heap before
{Heap before GC invocations=16 (full 4):
 PSYoungGen      total 415744K, used 348672K [0x00000000d5580000, 0x00000000f5000000, 0x0000000100000000)
  eden space 348672K, 100% used [0x00000000d5580000,0x00000000eaa00000,0x00000000eaa00000)
  from space 67072K, 0% used [0x00000000ecd00000,0x00000000ecd00000,0x00000000f0e80000)
  to   space 52736K, 0% used [0x00000000f1c80000,0x00000000f1c80000,0x00000000f5000000)
 ParOldGen       total 149504K, used 115597K [0x0000000080000000, 0x0000000089200000, 0x00000000d5580000)
  object space 149504K, 77% used [0x0000000080000000,0x00000000870e35c0,0x0000000089200000)
 Metaspace       used 63512K, capacity 65109K, committed 65192K, reserved 1107968K
  class space    used 7258K, capacity 7600K, committed 7600K, reserved 1048576K
Event: 58.665 GC heap after
Heap after GC invocations=16 (full 4):
 PSYoungGen      total 443904K, used 9218K [0x00000000d5580000, 0x00000000f9080000, 0x0000000100000000)
  eden space 391168K, 0% used [0x00000000d5580000,0x00000000d5580000,0x00000000ed380000)
  from space 52736K, 17% used [0x00000000f1c80000,0x00000000f2580880,0x00000000f5000000)
  to   space 74752K, 0% used [0x00000000ed380000,0x00000000ed380000,0x00000000f1c80000)
 ParOldGen       total 149504K, used 115605K [0x0000000080000000, 0x0000000089200000, 0x00000000d5580000)
  object space 149504K, 77% used [0x0000000080000000,0x00000000870e55c0,0x0000000089200000)
 Metaspace       used 63512K, capacity 65109K, committed 65192K, reserved 1107968K
  class space    used 7258K, capacity 7600K, committed 7600K, reserved 1048576K
}

Deoptimization events (10 events):
Event: 59.537 Thread 0x000000001b82b800 Uncommon trap: reason=class_check action=maybe_recompile pc=0x000000000775d208 method=org.jetbrains.kotlin.resolve.DescriptorUtils.isSubtypeOfClass(Lorg/jetbrains/kotlin/types/KotlinType;Lorg/jetbrains/kotlin/descriptors/DeclarationDescriptor;)Z @ 40
Event: 59.538 Thread 0x000000001b82b800 Uncommon trap: reason=class_check action=maybe_recompile pc=0x000000000775d208 method=org.jetbrains.kotlin.resolve.DescriptorUtils.isSubtypeOfClass(Lorg/jetbrains/kotlin/types/KotlinType;Lorg/jetbrains/kotlin/descriptors/DeclarationDescriptor;)Z @ 40
Event: 59.538 Thread 0x000000001b82b800 Uncommon trap: reason=class_check action=maybe_recompile pc=0x000000000775d208 method=org.jetbrains.kotlin.resolve.DescriptorUtils.isSubtypeOfClass(Lorg/jetbrains/kotlin/types/KotlinType;Lorg/jetbrains/kotlin/descriptors/DeclarationDescriptor;)Z @ 40
Event: 59.538 Thread 0x000000001b82b800 Uncommon trap: reason=unstable_if action=reinterpret pc=0x00000000051cc0c8 method=org.jetbrains.kotlin.codegen.FunctionCodegen.generateBridges(Lorg/jetbrains/kotlin/descriptors/FunctionDescriptor;)V @ 59
Event: 59.540 Thread 0x000000001b82b800 Uncommon trap: reason=bimorphic action=maybe_recompile pc=0x0000000007d330d4 method=org.jetbrains.kotlin.resolve.DescriptorUtils.collectAllOverriddenDescriptors(Lorg/jetbrains/kotlin/descriptors/CallableDescriptor;Ljava/util/Set;)V @ 48
Event: 59.545 Thread 0x000000001b82b800 Uncommon trap: reason=class_check action=maybe_recompile pc=0x000000000775d208 method=org.jetbrains.kotlin.resolve.DescriptorUtils.isSubtypeOfClass(Lorg/jetbrains/kotlin/types/KotlinType;Lorg/jetbrains/kotlin/descriptors/DeclarationDescriptor;)Z @ 40
Event: 59.546 Thread 0x000000001b82b800 Uncommon trap: reason=unstable_if action=reinterpret pc=0x00000000056a9f0c method=org.jetbrains.kotlin.protobuf.SmallSortedMap.entrySet()Ljava/util/Set; @ 4
Event: 59.779 Thread 0x000000001b82b800 Uncommon trap: reason=unstable_if action=reinterpret pc=0x000000000789fc8c method=org.jetbrains.kotlin.load.kotlin.TypeSignatureMappingKt.computeInternalName(Lorg/jetbrains/kotlin/descriptors/ClassDescriptor;Lorg/jetbrains/kotlin/load/kotlin/TypeMappingCo
Event: 60.039 Thread 0x000000001b82b800 Uncommon trap: reason=unstable_if action=reinterpret pc=0x0000000004ca3e0c method=org.jetbrains.org.objectweb.asm.Item.isEqualTo(Lorg/jetbrains/org/objectweb/asm/Item;)Z @ 345
Event: 60.698 Thread 0x000000001b82b800 Uncommon trap: reason=unstable_if action=reinterpret pc=0x000000000559cb14 method=org.jetbrains.kotlin.protobuf.CodedOutputStream.writeRawByte(B)V @ 8

Classes redefined (0 events):
No events

Internal exceptions (10 events):
Event: 46.302 Thread 0x000000001b82b800 Implicit null exception at 0x000000000659078f to 0x0000000006590a16
Event: 46.302 Thread 0x000000001b82b800 Implicit null exception at 0x0000000005d62654 to 0x0000000005d628ae
Event: 49.424 Thread 0x000000001b82b800 Exception <a 'java/lang/NoSuchMethodError': java.lang.Object.lambda$static$0(Ljava/lang/Throwable;Ljava/lang/String;)V> (0x00000000d5f48fe8) thrown at [D:\src\AOSP-openjdk-cygwin\jdk8u\hotspot\src\share\vm\interpreter\linkResolver.cpp, line 584]
Event: 49.735 Thread 0x000000001b82b800 Exception <a 'java/lang/NoSuchMethodError': java.lang.Object.lambda$static$0(Lorg/jetbrains/kotlin/descriptors/ValueParameterDescriptor;Lorg/jetbrains/kotlin/codegen/ExpressionCodegen;)Lorg/jetbrains/kotlin/codegen/StackValue;> (0x00000000d6cf6f38) thrown
Event: 49.914 Thread 0x000000001b82b800 Implicit null exception at 0x0000000006b4ce02 to 0x0000000006b4d276
Event: 50.427 Thread 0x000000001b82b800 Implicit null exception at 0x00000000067f5500 to 0x00000000067f5a91
Event: 50.465 Thread 0x000000001b82b800 Exception <a 'java/lang/NoSuchMethodError': java.lang.Object.lambda$static$0(Ljava/lang/String;)Z> (0x00000000d8adfd78) thrown at [D:\src\AOSP-openjdk-cygwin\jdk8u\hotspot\src\share\vm\interpreter\linkResolver.cpp, line 584]
Event: 50.465 Thread 0x000000001b82b800 Exception <a 'java/lang/NoSuchMethodError': java.lang.Object.lambda$static$1(Ljava/lang/String;)Z> (0x00000000d8ae25c8) thrown at [D:\src\AOSP-openjdk-cygwin\jdk8u\hotspot\src\share\vm\interpreter\linkResolver.cpp, line 584]
Event: 52.933 Thread 0x000000001b82b800 Implicit null exception at 0x0000000007b3ade8 to 0x0000000007b3b45d
Event: 55.804 Thread 0x000000001b82b800 Implicit null exception at 0x000000000641e2aa to 0x000000000641ef89

Events (10 events):
Event: 59.918 Thread 0x000000001b82b800 DEOPT PACKING pc=0x0000000007602b13 sp=0x000000001cf7aa70
Event: 59.918 Thread 0x000000001b82b800 DEOPT UNPACKING pc=0x0000000004a471d0 sp=0x000000001cf7a800 mode 0
Event: 60.039 Thread 0x000000001b82b800 Uncommon trap: trap_request=0xffffff65 fr.pc=0x0000000004ca3e0c
Event: 60.039 Thread 0x000000001b82b800 DEOPT PACKING pc=0x0000000004ca3e0c sp=0x000000001cf7ad30
Event: 60.039 Thread 0x000000001b82b800 DEOPT UNPACKING pc=0x0000000004a4557b sp=0x000000001cf7acc8 mode 2
Event: 60.204 Executing VM operation: ForceSafepoint
Event: 60.204 Executing VM operation: ForceSafepoint done
Event: 60.698 Thread 0x000000001b82b800 Uncommon trap: trap_request=0xffffff65 fr.pc=0x000000000559cb14
Event: 60.698 Thread 0x000000001b82b800 DEOPT PACKING pc=0x000000000559cb14 sp=0x000000001cf7aa80
Event: 60.698 Thread 0x000000001b82b800 DEOPT UNPACKING pc=0x0000000004a4557b sp=0x000000001cf7a960 mode 2


Dynamic libraries:
0x00007ff73b580000 - 0x00007ff73b5b1000 	F:\android studio 2.2\jre\jre\bin\java.exe
0x00007ffd6a4b0000 - 0x00007ffd6a690000 	C:\WINDOWS\SYSTEM32\ntdll.dll
0x00007ffd6a180000 - 0x00007ffd6a22e000 	C:\WINDOWS\System32\KERNEL32.DLL
0x00007ffd673a0000 - 0x00007ffd67606000 	C:\WINDOWS\System32\KERNELBASE.dll
0x00007ffd67c70000 - 0x00007ffd67d11000 	C:\WINDOWS\System32\ADVAPI32.dll
0x00007ffd69ee0000 - 0x00007ffd69f7d000 	C:\WINDOWS\System32\msvcrt.dll
0x00007ffd69e80000 - 0x00007ffd69edb000 	C:\WINDOWS\System32\sechost.dll
0x00007ffd6a230000 - 0x00007ffd6a34f000 	C:\WINDOWS\System32\RPCRT4.dll
0x00007ffd68540000 - 0x00007ffd686cf000 	C:\WINDOWS\System32\USER32.dll
0x00007ffd67610000 - 0x00007ffd67630000 	C:\WINDOWS\System32\win32u.dll
0x00007ffd6a3f0000 - 0x00007ffd6a418000 	C:\WINDOWS\System32\GDI32.dll
0x00007ffd669b0000 - 0x00007ffd66b43000 	C:\WINDOWS\System32\gdi32full.dll
0x00007ffd678e0000 - 0x00007ffd6797b000 	C:\WINDOWS\System32\msvcp_win.dll
0x00007ffd672a0000 - 0x00007ffd67396000 	C:\WINDOWS\System32\ucrtbase.dll
0x00007ffd5bb00000 - 0x00007ffd5bd69000 	C:\WINDOWS\WinSxS\amd64_microsoft.windows.common-controls_6595b64144ccf1df_6.0.16299.371_none_15c7d1789365a290\COMCTL32.dll
0x00007ffd681b0000 - 0x00007ffd684b8000 	C:\WINDOWS\System32\combase.dll
0x00007ffd67800000 - 0x00007ffd67872000 	C:\WINDOWS\System32\bcryptPrimitives.dll
0x00007ffd67d20000 - 0x00007ffd67d4d000 	C:\WINDOWS\System32\IMM32.DLL
0x000000006b6f0000 - 0x000000006b7c2000 	F:\android studio 2.2\jre\jre\bin\msvcr100.dll
0x000000006b8a0000 - 0x000000006c0df000 	F:\android studio 2.2\jre\jre\bin\server\jvm.dll
0x00007ffd679f0000 - 0x00007ffd679f8000 	C:\WINDOWS\System32\PSAPI.DLL
0x00007ffd53ac0000 - 0x00007ffd53ac9000 	C:\WINDOWS\SYSTEM32\WSOCK32.dll
0x00007ffd67980000 - 0x00007ffd679ec000 	C:\WINDOWS\System32\WS2_32.dll
0x00007ffd643a0000 - 0x00007ffd643c3000 	C:\WINDOWS\SYSTEM32\WINMM.dll
0x00007ffd602d0000 - 0x00007ffd602da000 	C:\WINDOWS\SYSTEM32\VERSION.dll
0x00007ffd64220000 - 0x00007ffd6424a000 	C:\WINDOWS\SYSTEM32\WINMMBASE.dll
0x00007ffd66960000 - 0x00007ffd669aa000 	C:\WINDOWS\System32\cfgmgr32.dll
0x00007ffd624d0000 - 0x00007ffd624df000 	F:\android studio 2.2\jre\jre\bin\verify.dll
0x00007ffd44410000 - 0x00007ffd44439000 	F:\android studio 2.2\jre\jre\bin\java.dll
0x00007ffd624b0000 - 0x00007ffd624c6000 	F:\android studio 2.2\jre\jre\bin\zip.dll
0x00007ffd68850000 - 0x00007ffd69c86000 	C:\WINDOWS\System32\SHELL32.dll
0x00007ffd6a0d0000 - 0x00007ffd6a176000 	C:\WINDOWS\System32\shcore.dll
0x00007ffd66b50000 - 0x00007ffd67297000 	C:\WINDOWS\System32\windows.storage.dll
0x00007ffd6a420000 - 0x00007ffd6a471000 	C:\WINDOWS\System32\shlwapi.dll
0x00007ffd66820000 - 0x00007ffd66831000 	C:\WINDOWS\System32\kernel.appcore.dll
0x00007ffd66860000 - 0x00007ffd668ac000 	C:\WINDOWS\System32\powrprof.dll
0x00007ffd66840000 - 0x00007ffd6685b000 	C:\WINDOWS\System32\profapi.dll
0x00007ffd63380000 - 0x00007ffd6338d000 	F:\android studio 2.2\jre\jre\bin\management.dll
0x00007ffd39e40000 - 0x00007ffd39e5a000 	F:\android studio 2.2\jre\jre\bin\net.dll
0x00007ffd66030000 - 0x00007ffd66096000 	C:\WINDOWS\system32\mswsock.dll
0x00007ffd39e20000 - 0x00007ffd39e31000 	F:\android studio 2.2\jre\jre\bin\nio.dll
0x00007ffd661f0000 - 0x00007ffd66207000 	C:\WINDOWS\SYSTEM32\CRYPTSP.dll
0x00007ffd65c30000 - 0x00007ffd65c63000 	C:\WINDOWS\system32\rsaenh.dll
0x00007ffd66360000 - 0x00007ffd66385000 	C:\WINDOWS\SYSTEM32\bcrypt.dll
0x00007ffd66700000 - 0x00007ffd66729000 	C:\WINDOWS\SYSTEM32\USERENV.dll
0x00007ffd66210000 - 0x00007ffd6621b000 	C:\WINDOWS\SYSTEM32\CRYPTBASE.dll
0x00007ffd65dc0000 - 0x00007ffd65df9000 	C:\WINDOWS\SYSTEM32\IPHLPAPI.DLL
0x00007ffd67d50000 - 0x00007ffd67d58000 	C:\WINDOWS\System32\NSI.dll
0x00007ffd5ffe0000 - 0x00007ffd5fff6000 	C:\WINDOWS\SYSTEM32\dhcpcsvc6.DLL
0x00007ffd5e240000 - 0x00007ffd5e25a000 	C:\WINDOWS\SYSTEM32\dhcpcsvc.DLL

VM Arguments:
jvm_args: -Djava.awt.headless=true -Djava.rmi.server.hostname=localhost -Xmx2048m -XX:MaxPermSize=512m -Dkotlin.environment.keepalive 
java_command: org.jetbrains.kotlin.daemon.KotlinCompileDaemon --daemon-runFilesPath C:\Users\boot\AppData\Local\kotlin\daemon --daemon-autoshutdownIdleSeconds=7200 --daemon-compilerClasspath C:\Users\boot\.gradle\caches\modules-2\files-2.1\org.jetbrains.kotlin\kotlin-compiler-embeddable\1.2.30\9b3f10d4717b9ac238b287e9b6eb2b4eadd8e870\kotlin-compiler-embeddable-1.2.30.jar;C:\Users\boot\.gradle\caches\modules-2\files-2.1\org.jetbrains.kotlin\kotlin-stdlib\1.2.30\2dfac33f8b4e92c9dd1422cd286834701a6f6d6\kotlin-stdlib-1.2.30.jar;C:\Users\boot\.gradle\caches\modules-2\files-2.1\org.jetbrains.kotlin\kotlin-script-runtime\1.2.30\37ee7531a636e99b639f8b1544cdda27d0ee30b0\kotlin-script-runtime-1.2.30.jar;C:\Users\boot\.gradle\caches\modules-2\files-2.1\org.jetbrains.kotlin\kotlin-reflect\1.2.30\9758025a415ee400e1f90ff222bcfec247779133\kotlin-reflect-1.2.30.jar;F:\android studio 2.2\jre\lib\tools.jar
java_class_path (initial): C:\Users\boot\.gradle\caches\modules-2\files-2.1\org.jetbrains.kotlin\kotlin-compiler-embeddable\1.2.30\9b3f10d4717b9ac238b287e9b6eb2b4eadd8e870\kotlin-compiler-embeddable-1.2.30.jar;C:\Users\boot\.gradle\caches\modules-2\files-2.1\org.jetbrains.kotlin\kotlin-stdlib\1.2.30\2dfac33f8b4e92c9dd1422cd286834701a6f6d6\kotlin-stdlib-1.2.30.jar;C:\Users\boot\.gradle\caches\modules-2\files-2.1\org.jetbrains.kotlin\kotlin-script-runtime\1.2.30\37ee7531a636e99b639f8b1544cdda27d0ee30b0\kotlin-script-runtime-1.2.30.jar;C:\Users\boot\.gradle\caches\modules-2\files-2.1\org.jetbrains.kotlin\kotlin-reflect\1.2.30\9758025a415ee400e1f90ff222bcfec247779133\kotlin-reflect-1.2.30.jar;F:\android studio 2.2\jre\lib\tools.jar
Launcher Type: SUN_STANDARD

Environment Variables:
PATH=C:\ProgramData\Oracle\Java\javapath;C:\Windows\system32;C:\Windows;C:\Windows\System32\Wbem;C:\Windows\System32\WindowsPowerShell\v1.0\;C:\Program Files (x86)\NVIDIA Corporation\PhysX\Common;C:\Program Files\Microsoft SQL Server\110\Tools\Binn\;C:\Program Files (x86)\Microsoft SDKs\TypeScript\1.0\;C:\Program Files\Microsoft SQL Server\120\Tools\Binn\;C:\Program Files (x86)\Microsoft Emulator Manager\1.0\;C:\Program Files\Microsoft SQL Server\130\Tools\Binn\;C:\Program Files (x86)\Windows Kits\10\Windows Performance Toolkit\;C:\Program Files\dotnet\;C:\Program Files\Git\cmd;C:\Program Files (x86)\GtkSharp\2.12\bin;C:\WINDOWS\system32;C:\WINDOWS;C:\WINDOWS\System32\Wbem;C:\WINDOWS\System32\WindowsPowerShell\v1.0\;C:\Program Files\Microsoft\Web Platform Installer\;C:\Program Files\nodejs\;C:\Python27;C:\Users\boot\AppData\Local\Microsoft\WindowsApps;C:\Users\boot\AppData\Local\GitHubDesktop\bin;C:\Users\boot\AppData\Roaming\npm;C:\Users\boot\AppData\Local\atom\bin
USERNAME=boot
OS=Windows_NT
PROCESSOR_IDENTIFIER=AMD64 Family 21 Model 2 Stepping 0, AuthenticAMD



---------------  S Y S T E M  ---------------

OS: Windows 10.0 , 64 bit Build 16299 (10.0.16299.15)

CPU:total 4 (initial active 4) (4 cores per cpu, 1 threads per core) family 21 model 2 stepping 0, cmov, cx8, fxsr, mmx, sse, sse2, sse3, ssse3, sse4.1, sse4.2, popcnt, avx, aes, clmul, mmxext, 3dnowpref, lzcnt, sse4a, tsc, tscinvbit, tscinv, bmi1

Memory: 4k page, physical 16724292k(2657160k free), swap 16724292k(4296k free)

vm_info: OpenJDK 64-Bit Server VM (25.152-b02) for windows-amd64 JRE (1.8.0_152-release-1024-b02), built by "builder" with MS VC++ 10.0 (VS2010)

time: Sat Apr 14 18:12:23 2018
elapsed time: 60 seconds (0d 0h 1m 0s)

