#
# There is insufficient memory for the Java Runtime Environment to continue.
# Native memory allocation (malloc) failed to allocate 1145296 bytes for Chunk::new
# Possible reasons:
#   The system is out of physical RAM or swap space
#   In 32 bit mode, the process size limit was hit
# Possible solutions:
#   Reduce memory load on the system
#   Increase physical memory or swap space
#   Check if swap backing store is full
#   Use 64 bit Java on a 64 bit OS
#   Decrease Java heap size (-Xmx/-Xms)
#   Decrease number of Java threads
#   Decrease Java thread stack sizes (-Xss)
#   Set larger code cache with -XX:ReservedCodeCacheSize=
# This output file may be truncated or incomplete.
#
#  Out of Memory Error (allocation.cpp:390), pid=14268, tid=0x0000000000002434
#
# JRE version: OpenJDK Runtime Environment (8.0_152-b02) (build 1.8.0_152-release-1024-b02)
# Java VM: OpenJDK 64-Bit Server VM (25.152-b02 mixed mode windows-amd64 compressed oops)
# Failed to write core dump. Minidumps are not enabled by default on client versions of Windows
#

---------------  T H R E A D  ---------------

Current thread (0x0000000019cc9800):  JavaThread "C2 CompilerThread0" daemon [_thread_in_native, id=9268, stack(0x000000001b410000,0x000000001b510000)]

Stack: [0x000000001b410000,0x000000001b510000]
[error occurred during error reporting (printing stack bounds), id 0xc0000005]

Native frames: (J=compiled Java code, j=interpreted, Vv=VM code, C=native code)


Current CompileTask:
C2:12966756 20996       4       com.sun.tools.javac.comp.Resolve::findInheritedMemberType (202 bytes)


---------------  P R O C E S S  ---------------

Java Threads: ( => current thread )
  0x000000002062c800 JavaThread "Cache worker for Java compile cache (C:\Users\boot\Documents\android projects\steem\.gradle\4.4\javaCompile)" [_thread_blocked, id=1216, stack(0x000000003e8b0000,0x000000003e9b0000)]
  0x000000002062c000 JavaThread "RMI TCP Connection(3)-127.0.0.1" daemon [_thread_in_native, id=1564, stack(0x000000003e7b0000,0x000000003e8b0000)]
  0x0000000020629800 JavaThread "Task worker for ':' Thread 3" [_thread_blocked, id=8348, stack(0x000000003d2b0000,0x000000003d3b0000)]
  0x0000000020627800 JavaThread "Task worker for ':' Thread 2" [_thread_blocked, id=12596, stack(0x000000003d1b0000,0x000000003d2b0000)]
  0x0000000020629000 JavaThread "Task worker for ':'" [_thread_blocked, id=12340, stack(0x000000003d0b0000,0x000000003d1b0000)]
  0x0000000020622000 JavaThread "Cache worker for Build Output Cleanup Cache (C:\Users\boot\Documents\android projects\steem\.gradle\buildOutputCleanup)" [_thread_blocked, id=14148, stack(0x000000003cfb0000,0x000000003d0b0000)]
  0x0000000020626800 JavaThread "Cache worker for task history cache (C:\Users\boot\Documents\android projects\steem\.gradle\4.4\taskHistory)" [_thread_blocked, id=11292, stack(0x000000003ceb0000,0x000000003cfb0000)]
  0x0000000020626000 JavaThread "Cache worker for file content cache (C:\Users\boot\Documents\android projects\steem\.gradle\4.4\fileContent)" [_thread_blocked, id=2936, stack(0x000000003cdb0000,0x000000003ceb0000)]
  0x000000002061e800 JavaThread "build operations Thread 4" [_thread_blocked, id=14196, stack(0x000000003ccb0000,0x000000003cdb0000)]
  0x000000001ff57000 JavaThread "build operations Thread 3" [_thread_blocked, id=3312, stack(0x000000003cbb0000,0x000000003ccb0000)]
  0x000000001ff5d800 JavaThread "build operations Thread 2" [_thread_blocked, id=9960, stack(0x000000003cab0000,0x000000003cbb0000)]
  0x000000001ff55800 JavaThread "build operations" [_thread_blocked, id=13912, stack(0x000000003c9b0000,0x000000003cab0000)]
  0x000000001ff5c000 JavaThread "Cache worker for Artifact transforms cache (C:\Users\boot\.gradle\caches\transforms-1)" [_thread_blocked, id=4188, stack(0x000000003c8b0000,0x000000003c9b0000)]
  0x000000001ff4f800 JavaThread "Cache worker for file hash cache (C:\Users\boot\Documents\android projects\steem\.gradle\4.4\fileHashes)" [_thread_blocked, id=9240, stack(0x000000003c7b0000,0x000000003c8b0000)]
  0x000000001ff50000 JavaThread "Asynchronous log dispatcher for DefaultDaemonConnection: socket connection from /127.0.0.1:65005 to /127.0.0.1:60869" [_thread_blocked, id=10748, stack(0x000000003c5b0000,0x000000003c6b0000)]
  0x000000001ff56000 JavaThread "Cancel handler" [_thread_blocked, id=16180, stack(0x000000003c4b0000,0x000000003c5b0000)]
  0x000000001ff51800 JavaThread "Handler for socket connection from /127.0.0.1:65005 to /127.0.0.1:60869" [_thread_in_native, id=9508, stack(0x000000003c3b0000,0x000000003c4b0000)]
  0x000000001eb0d000 JavaThread "Daemon worker Thread 7" [_thread_in_native, id=8180, stack(0x0000000039db0000,0x0000000039eb0000)]
  0x000000001eb0d800 JavaThread "Daemon Thread 7" [_thread_blocked, id=2896, stack(0x0000000039ab0000,0x0000000039bb0000)]
  0x000000001ff57800 JavaThread "RMI Reaper" [_thread_blocked, id=8976, stack(0x00000000396b0000,0x00000000397b0000)]
  0x000000001ff5e800 JavaThread "RMI TCP Accept-0" daemon [_thread_in_native, id=14908, stack(0x00000000395b0000,0x00000000396b0000)]
  0x000000001ff5d000 JavaThread "GC Daemon" daemon [_thread_blocked, id=13532, stack(0x00000000394b0000,0x00000000395b0000)]
  0x000000001ff58800 JavaThread "RMI RenewClean-[localhost:17076,org.jetbrains.kotlin.daemon.common.LoopbackNetworkInterface$ClientLoopbackSocketFactory@14d1ce68]" daemon [_thread_blocked, id=5972, stack(0x00000000393b0000,0x00000000394b0000)]
  0x000000001ff5b800 JavaThread "RMI Scheduler(0)" daemon [_thread_blocked, id=11720, stack(0x00000000392b0000,0x00000000393b0000)]
  0x000000001eb0f000 JavaThread "Memory manager" [_thread_blocked, id=12636, stack(0x00000000231f0000,0x00000000232f0000)]
  0x000000001ce97800 JavaThread "File lock request listener" [_thread_in_native, id=2840, stack(0x000000001e860000,0x000000001e960000)]
  0x000000001ce5b000 JavaThread "Cache worker for file hash cache (C:\Users\boot\.gradle\caches\4.4\fileHashes)" [_thread_blocked, id=11084, stack(0x000000001e760000,0x000000001e860000)]
  0x000000001cc80000 JavaThread "Daemon periodic checks" [_thread_blocked, id=4952, stack(0x000000001dc60000,0x000000001dd60000)]
  0x000000001cc79000 JavaThread "Incoming local TCP Connector on port 65005" [_thread_in_native, id=8, stack(0x000000001da20000,0x000000001db20000)]
  0x000000001b738800 JavaThread "Service Thread" daemon [_thread_blocked, id=4036, stack(0x000000001bb10000,0x000000001bc10000)]
  0x0000000019cdb000 JavaThread "C1 CompilerThread2" daemon [_thread_blocked, id=4660, stack(0x000000001b610000,0x000000001b710000)]
  0x0000000019ccf000 JavaThread "C2 CompilerThread1" daemon [_thread_in_native, id=12188, stack(0x000000001b510000,0x000000001b610000)]
=>0x0000000019cc9800 JavaThread "C2 CompilerThread0" daemon [_thread_in_native, id=9268, stack(0x000000001b410000,0x000000001b510000)]
  0x0000000019cd7800 JavaThread "Attach Listener" daemon [_thread_blocked, id=10768, stack(0x000000001b310000,0x000000001b410000)]
  0x0000000019cd6000 JavaThread "Signal Dispatcher" daemon [_thread_blocked, id=7968, stack(0x000000001b210000,0x000000001b310000)]
  0x00000000050ac800 JavaThread "Finalizer" daemon [_thread_blocked, id=10452, stack(0x000000001af20000,0x000000001b020000)]
  0x0000000019c97000 JavaThread "Reference Handler" daemon [_thread_blocked, id=5508, stack(0x000000001ae20000,0x000000001af20000)]
  0x0000000004fb2800 JavaThread "main" [_thread_blocked, id=10232, stack(0x0000000004dd0000,0x0000000004ed0000)]

Other Threads:
  0x0000000019c96000 VMThread [stack: 0x000000001ad20000,0x000000001ae20000] [id=12420]
  0x000000001b751000 WatcherThread [stack: 0x000000001bc10000,0x000000001bd10000] [id=8796]

VM state:not at safepoint (normal execution)

VM Mutex/Monitor currently owned by a thread: None

Heap:
 PSYoungGen      total 239616K, used 50384K [0x00000000d5580000, 0x00000000e8b80000, 0x0000000100000000)
  eden space 205824K, 8% used [0x00000000d5580000,0x00000000d65b89d0,0x00000000e1e80000)
  from space 33792K, 99% used [0x00000000e1e80000,0x00000000e3f7b8d0,0x00000000e3f80000)
  to   space 50688K, 0% used [0x00000000e5a00000,0x00000000e5a00000,0x00000000e8b80000)
 ParOldGen       total 239104K, used 91001K [0x0000000080000000, 0x000000008e980000, 0x00000000d5580000)
  object space 239104K, 38% used [0x0000000080000000,0x00000000858de680,0x000000008e980000)
 Metaspace       used 91940K, capacity 97259K, committed 98008K, reserved 1134592K
  class space    used 11767K, capacity 12875K, committed 13056K, reserved 1048576K

Card table byte_map: [0x0000000014470000,0x0000000014880000] byte_map_base: 0x0000000014070000

Marking Bits: (ParMarkBitMap*) 0x000000006c064970
 Begin Bits: [0x0000000014f30000, 0x0000000016f30000)
 End Bits:   [0x0000000016f30000, 0x0000000018f30000)

Polling page: 0x0000000003580000

CodeCache: size=245760Kb used=61567Kb max_used=61567Kb free=184192Kb
 bounds [0x00000000050b0000, 0x0000000008d30000, 0x00000000140b0000]
 total_blobs=17711 nmethods=16818 adapters=805
 compilation: enabled

Compilation events (10 events):
Event: 12966.121 Thread 0x0000000019cdb000 21024       3       com.sun.tools.javac.tree.TreeScanner::visitClassDef (41 bytes)
Event: 12966.122 Thread 0x0000000019cdb000 nmethod 21024 0x000000000802c050 code [0x000000000802c280, 0x000000000802d3a8]
Event: 12966.124 Thread 0x0000000019cdb000 21018       3       com.sun.tools.javac.comp.Check::validateAnnotationTree (13 bytes)
Event: 12966.125 Thread 0x0000000019cdb000 nmethod 21018 0x000000000529ab50 code [0x000000000529ace0, 0x000000000529b0e8]
Event: 12966.127 Thread 0x0000000019cdb000 21021       3       com.sun.tools.javac.tree.JCTree$JCIf::accept (6 bytes)
Event: 12966.127 Thread 0x0000000019cdb000 nmethod 21021 0x0000000005e14d90 code [0x0000000005e14f00, 0x0000000005e15128]
Event: 12966.127 Thread 0x0000000019cdb000 21022       3       com.sun.tools.javac.tree.TreeScanner::visitIf (25 bytes)
Event: 12966.127 Thread 0x0000000019cdb000 nmethod 21022 0x000000000727ed90 code [0x000000000727ef20, 0x000000000727f2c8]
Event: 12966.160 Thread 0x0000000019cdb000 21026       3       com.sun.tools.javac.comp.Enter::visitTopLevel (494 bytes)
Event: 12966.165 Thread 0x0000000019cdb000 nmethod 21026 0x0000000008d21450 code [0x0000000008d21a20, 0x0000000008d25b98]

GC Heap History (10 events):
Event: 12843.498 GC heap before
{Heap before GC invocations=27 (full 4):
 PSYoungGen      total 224256K, used 197632K [0x00000000d5580000, 0x00000000e4a80000, 0x0000000100000000)
  eden space 197632K, 100% used [0x00000000d5580000,0x00000000e1680000,0x00000000e1680000)
  from space 26624K, 0% used [0x00000000e3080000,0x00000000e3080000,0x00000000e4a80000)
  to   space 26624K, 0% used [0x00000000e1680000,0x00000000e1680000,0x00000000e3080000)
 ParOldGen       total 239104K, used 57783K [0x0000000080000000, 0x000000008e980000, 0x00000000d5580000)
  object space 239104K, 24% used [0x0000000080000000,0x000000008386dcf0,0x000000008e980000)
 Metaspace       used 84948K, capacity 89415K, committed 91992K, reserved 1128448K
  class space    used 10937K, capacity 11884K, committed 12416K, reserved 1048576K
Event: 12843.528 GC heap after
Heap after GC invocations=27 (full 4):
 PSYoungGen      total 224256K, used 17532K [0x00000000d5580000, 0x00000000e5180000, 0x0000000100000000)
  eden space 197632K, 0% used [0x00000000d5580000,0x00000000d5580000,0x00000000e1680000)
  from space 26624K, 65% used [0x00000000e1680000,0x00000000e279f320,0x00000000e3080000)
  to   space 27136K, 0% used [0x00000000e3700000,0x00000000e3700000,0x00000000e5180000)
 ParOldGen       total 239104K, used 57791K [0x0000000080000000, 0x000000008e980000, 0x00000000d5580000)
  object space 239104K, 24% used [0x0000000080000000,0x000000008386fcf0,0x000000008e980000)
 Metaspace       used 84948K, capacity 89415K, committed 91992K, reserved 1128448K
  class space    used 10937K, capacity 11884K, committed 12416K, reserved 1048576K
}
Event: 12845.844 GC heap before
{Heap before GC invocations=28 (full 4):
 PSYoungGen      total 224256K, used 215164K [0x00000000d5580000, 0x00000000e5180000, 0x0000000100000000)
  eden space 197632K, 100% used [0x00000000d5580000,0x00000000e1680000,0x00000000e1680000)
  from space 26624K, 65% used [0x00000000e1680000,0x00000000e279f320,0x00000000e3080000)
  to   space 27136K, 0% used [0x00000000e3700000,0x00000000e3700000,0x00000000e5180000)
 ParOldGen       total 239104K, used 57791K [0x0000000080000000, 0x000000008e980000, 0x00000000d5580000)
  object space 239104K, 24% used [0x0000000080000000,0x000000008386fcf0,0x000000008e980000)
 Metaspace       used 85324K, capacity 90051K, committed 92248K, reserved 1128448K
  class space    used 11035K, capacity 12027K, committed 12416K, reserved 1048576K
Event: 12845.871 GC heap after
Heap after GC invocations=28 (full 4):
 PSYoungGen      total 228864K, used 24000K [0x00000000d5580000, 0x00000000e5c00000, 0x0000000100000000)
  eden space 201728K, 0% used [0x00000000d5580000,0x00000000d5580000,0x00000000e1a80000)
  from space 27136K, 88% used [0x00000000e3700000,0x00000000e4e70378,0x00000000e5180000)
  to   space 29184K, 0% used [0x00000000e1a80000,0x00000000e1a80000,0x00000000e3700000)
 ParOldGen       total 239104K, used 57799K [0x0000000080000000, 0x000000008e980000, 0x00000000d5580000)
  object space 239104K, 24% used [0x0000000080000000,0x0000000083871cf0,0x000000008e980000)
 Metaspace       used 85324K, capacity 90051K, committed 92248K, reserved 1128448K
  class space    used 11035K, capacity 12027K, committed 12416K, reserved 1048576K
}
Event: 12855.141 GC heap before
{Heap before GC invocations=29 (full 4):
 PSYoungGen      total 228864K, used 225728K [0x00000000d5580000, 0x00000000e5c00000, 0x0000000100000000)
  eden space 201728K, 100% used [0x00000000d5580000,0x00000000e1a80000,0x00000000e1a80000)
  from space 27136K, 88% used [0x00000000e3700000,0x00000000e4e70378,0x00000000e5180000)
  to   space 29184K, 0% used [0x00000000e1a80000,0x00000000e1a80000,0x00000000e3700000)
 ParOldGen       total 239104K, used 57799K [0x0000000080000000, 0x000000008e980000, 0x00000000d5580000)
  object space 239104K, 24% used [0x0000000080000000,0x0000000083871cf0,0x000000008e980000)
 Metaspace       used 86106K, capacity 91219K, committed 92504K, reserved 1130496K
  class space    used 11127K, capacity 12199K, committed 12416K, reserved 1048576K
Event: 12855.183 GC heap after
Heap after GC invocations=29 (full 4):
 PSYoungGen      total 230912K, used 23776K [0x00000000d5580000, 0x00000000e6480000, 0x0000000100000000)
  eden space 201728K, 0% used [0x00000000d5580000,0x00000000d5580000,0x00000000e1a80000)
  from space 29184K, 81% used [0x00000000e1a80000,0x00000000e31b8040,0x00000000e3700000)
  to   space 31232K, 0% used [0x00000000e4600000,0x00000000e4600000,0x00000000e6480000)
 ParOldGen       total 239104K, used 57807K [0x0000000080000000, 0x000000008e980000, 0x00000000d5580000)
  object space 239104K, 24% used [0x0000000080000000,0x0000000083873cf0,0x000000008e980000)
 Metaspace       used 86106K, capacity 91219K, committed 92504K, reserved 1130496K
  class space    used 11127K, capacity 12199K, committed 12416K, reserved 1048576K
}
Event: 12961.152 GC heap before
{Heap before GC invocations=30 (full 4):
 PSYoungGen      total 230912K, used 225504K [0x00000000d5580000, 0x00000000e6480000, 0x0000000100000000)
  eden space 201728K, 100% used [0x00000000d5580000,0x00000000e1a80000,0x00000000e1a80000)
  from space 29184K, 81% used [0x00000000e1a80000,0x00000000e31b8040,0x00000000e3700000)
  to   space 31232K, 0% used [0x00000000e4600000,0x00000000e4600000,0x00000000e6480000)
 ParOldGen       total 239104K, used 57807K [0x0000000080000000, 0x000000008e980000, 0x00000000d5580000)
  object space 239104K, 24% used [0x0000000080000000,0x0000000083873cf0,0x000000008e980000)
 Metaspace       used 86813K, capacity 92059K, committed 92888K, reserved 1130496K
  class space    used 11205K, capacity 12291K, committed 12544K, reserved 1048576K
Event: 12961.202 GC heap after
Heap after GC invocations=30 (full 4):
 PSYoungGen      total 224256K, used 26992K [0x00000000d5580000, 0x00000000e6080000, 0x0000000100000000)
  eden space 197120K, 0% used [0x00000000d5580000,0x00000000d5580000,0x00000000e1600000)
  from space 27136K, 99% used [0x00000000e4600000,0x00000000e605c1d8,0x00000000e6080000)
  to   space 33792K, 0% used [0x00000000e1e80000,0x00000000e1e80000,0x00000000e3f80000)
 ParOldGen       total 239104K, used 57815K [0x0000000080000000, 0x000000008e980000, 0x00000000d5580000)
  object space 239104K, 24% used [0x0000000080000000,0x0000000083875cf0,0x000000008e980000)
 Metaspace       used 86813K, capacity 92059K, committed 92888K, reserved 1130496K
  class space    used 11205K, capacity 12291K, committed 12544K, reserved 1048576K
}
Event: 12965.917 GC heap before
{Heap before GC invocations=31 (full 4):
 PSYoungGen      total 224256K, used 224112K [0x00000000d5580000, 0x00000000e6080000, 0x0000000100000000)
  eden space 197120K, 100% used [0x00000000d5580000,0x00000000e1600000,0x00000000e1600000)
  from space 27136K, 99% used [0x00000000e4600000,0x00000000e605c1d8,0x00000000e6080000)
  to   space 33792K, 0% used [0x00000000e1e80000,0x00000000e1e80000,0x00000000e3f80000)
 ParOldGen       total 239104K, used 57815K [0x0000000080000000, 0x000000008e980000, 0x00000000d5580000)
  object space 239104K, 24% used [0x0000000080000000,0x0000000083875cf0,0x000000008e980000)
 Metaspace       used 91922K, capacity 97195K, committed 98008K, reserved 1134592K
  class space    used 11767K, capacity 12875K, committed 13056K, reserved 1048576K
Event: 12966.070 GC heap after
Heap after GC invocations=31 (full 4):
 PSYoungGen      total 239616K, used 33774K [0x00000000d5580000, 0x00000000e8b80000, 0x0000000100000000)
  eden space 205824K, 0% used [0x00000000d5580000,0x00000000d5580000,0x00000000e1e80000)
  from space 33792K, 99% used [0x00000000e1e80000,0x00000000e3f7b8d0,0x00000000e3f80000)
  to   space 50688K, 0% used [0x00000000e5a00000,0x00000000e5a00000,0x00000000e8b80000)
 ParOldGen       total 239104K, used 91001K [0x0000000080000000, 0x000000008e980000, 0x00000000d5580000)
  object space 239104K, 38% used [0x0000000080000000,0x00000000858de680,0x000000008e980000)
 Metaspace       used 91922K, capacity 97195K, committed 98008K, reserved 1134592K
  class space    used 11767K, capacity 12875K, committed 13056K, reserved 1048576K
}

Deoptimization events (10 events):
Event: 12965.260 Thread 0x000000001eb0d000 Uncommon trap: reason=unstable_if action=reinterpret pc=0x0000000008b2c604 method=com.sun.tools.javac.file.JavacFileManager.listArchive(Lcom/sun/tools/javac/file/JavacFileManager$Archive;Lcom/sun/tools/javac/file/RelativePath$RelativeDirectory;Ljava/util/
Event: 12965.284 Thread 0x000000001eb0d000 Uncommon trap: reason=unstable_if action=reinterpret pc=0x0000000008bdf5ac method=com.sun.tools.javac.comp.Check.checkType(Lcom/sun/tools/javac/util/JCDiagnostic$DiagnosticPosition;Lcom/sun/tools/javac/code/Type;Lcom/sun/tools/javac/code/Type;Lcom/sun/too
Event: 12965.285 Thread 0x000000001eb0d000 Uncommon trap: reason=unstable_if action=reinterpret pc=0x0000000008bd08cc method=com.sun.tools.javac.comp.Check.checkType(Lcom/sun/tools/javac/util/JCDiagnostic$DiagnosticPosition;Lcom/sun/tools/javac/code/Type;Lcom/sun/tools/javac/code/Type;Lcom/sun/too
Event: 12965.362 Thread 0x000000001eb0d000 Uncommon trap: reason=unstable_if action=reinterpret pc=0x00000000055dfd10 method=java.util.regex.Matcher.quoteReplacement(Ljava/lang/String;)Ljava/lang/String; @ 17
Event: 12965.420 Thread 0x000000001eb0d000 Uncommon trap: reason=unstable_if action=reinterpret pc=0x0000000007e714dc method=java.util.ArrayList.remove(Ljava/lang/Object;)Z @ 46
Event: 12965.424 Thread 0x000000001eb0d000 Uncommon trap: reason=unstable_if action=reinterpret pc=0x0000000006024e64 method=java.util.regex.Matcher.appendReplacement(Ljava/lang/StringBuffer;Ljava/lang/String;)Ljava/util/regex/Matcher; @ 47
Event: 12965.425 Thread 0x000000001eb0d000 Uncommon trap: reason=unstable_if action=reinterpret pc=0x0000000005656088 method=com.sun.tools.javac.code.Symbol$TypeSymbol.formFullName(Lcom/sun/tools/javac/util/Name;Lcom/sun/tools/javac/code/Symbol;)Lcom/sun/tools/javac/util/Name; @ 1
Event: 12965.532 Thread 0x000000001eb0d000 Uncommon trap: reason=unstable_if action=reinterpret pc=0x0000000008bd267c method=com.sun.tools.javac.jvm.ClassReader.initParameterNames(Lcom/sun/tools/javac/code/Symbol$MethodSymbol;)V @ 17
Event: 12965.682 Thread 0x000000001eb0d000 Uncommon trap: reason=unstable_if action=reinterpret pc=0x000000000536a2a8 method=java.io.WinNTFileSystem.normalize(Ljava/lang/String;II)Ljava/lang/String; @ 139
Event: 12966.080 Thread 0x000000001eb0d000 Uncommon trap: reason=null_check action=make_not_entrant pc=0x0000000008930c20 method=com.sun.tools.javac.util.UnsharedNameTable.fromUtf([BII)Lcom/sun/tools/javac/util/Name; @ 50

Classes redefined (0 events):
No events

Internal exceptions (10 events):
Event: 12898.280 Thread 0x000000001eb0d000 Exception <a 'java/net/ConnectException': Connection refused: connect> (0x00000000debb2fa0) thrown at [D:\src\AOSP-openjdk-cygwin\jdk8u\hotspot\src\share\vm\prims\jni.cpp, line 735]
Event: 12899.290 Thread 0x000000001eb0d000 Exception <a 'java/net/ConnectException': Connection refused: connect> (0x00000000debb4220) thrown at [D:\src\AOSP-openjdk-cygwin\jdk8u\hotspot\src\share\vm\prims\jni.cpp, line 735]
Event: 12900.266 Thread 0x000000001eb0d000 JVM_StopThread thread JavaThread 0x0000000020623000 as oop 0x00000000debc6fd0 [exception 0x0000000039eaaa18]
Event: 12901.273 Thread 0x000000001eb0d000 Exception <a 'java/net/ConnectException': Connection refused: connect> (0x00000000debd6280) thrown at [D:\src\AOSP-openjdk-cygwin\jdk8u\hotspot\src\share\vm\prims\jni.cpp, line 735]
Event: 12902.286 Thread 0x000000001eb0d000 Exception <a 'java/net/ConnectException': Connection refused: connect> (0x00000000debd7500) thrown at [D:\src\AOSP-openjdk-cygwin\jdk8u\hotspot\src\share\vm\prims\jni.cpp, line 735]
Event: 12903.298 Thread 0x000000001eb0d000 Exception <a 'java/net/ConnectException': Connection refused: connect> (0x00000000debd8780) thrown at [D:\src\AOSP-openjdk-cygwin\jdk8u\hotspot\src\share\vm\prims\jni.cpp, line 735]
Event: 12903.332 Thread 0x0000000020623000 Exception <a 'java/lang/InterruptedException'> (0x00000000dedf64d0) thrown at [D:\src\AOSP-openjdk-cygwin\jdk8u\hotspot\src\share\vm\runtime\objectMonitor.cpp, line 1684]
Event: 12965.425 Thread 0x000000001eb0d000 Implicit null exception at 0x0000000005655d11 to 0x0000000005656071
Event: 12965.532 Thread 0x000000001eb0d000 Implicit null exception at 0x0000000008bd2476 to 0x0000000008bd2669
Event: 12966.080 Thread 0x000000001eb0d000 Implicit null exception at 0x0000000008930564 to 0x0000000008930bdd

Events (10 events):
Event: 12966.088 Thread 0x0000000019cdb000 flushing nmethod 0x0000000005e55750
Event: 12966.088 Thread 0x0000000019cdb000 flushing nmethod 0x0000000005f27950
Event: 12966.102 Thread 0x0000000019cdb000 flushing nmethod 0x0000000006ed56d0
Event: 12966.102 Thread 0x0000000019cdb000 flushing nmethod 0x0000000006eda7d0
Event: 12966.103 Thread 0x0000000019cdb000 flushing nmethod 0x00000000070c7850
Event: 12966.104 Thread 0x0000000019cdb000 flushing nmethod 0x000000000727ed90
Event: 12966.117 Thread 0x0000000019cdb000 flushing nmethod 0x00000000079bef90
Event: 12966.121 Thread 0x0000000019cdb000 flushing nmethod 0x000000000802be50
Event: 12966.122 Thread 0x0000000019cdb000 flushing nmethod 0x0000000008257810
Event: 12966.123 Thread 0x0000000019cdb000 flushing nmethod 0x0000000008379450


Dynamic libraries:
0x00007ff7ef890000 - 0x00007ff7ef8c1000 	F:\android studio 2.2\jre\bin\java.exe
0x00007ffd6a4b0000 - 0x00007ffd6a690000 	C:\WINDOWS\SYSTEM32\ntdll.dll
0x00007ffd6a180000 - 0x00007ffd6a22e000 	C:\WINDOWS\System32\KERNEL32.DLL
0x00007ffd673a0000 - 0x00007ffd67606000 	C:\WINDOWS\System32\KERNELBASE.dll
0x00007ffd67c70000 - 0x00007ffd67d11000 	C:\WINDOWS\System32\ADVAPI32.dll
0x00007ffd69ee0000 - 0x00007ffd69f7d000 	C:\WINDOWS\System32\msvcrt.dll
0x00007ffd69e80000 - 0x00007ffd69edb000 	C:\WINDOWS\System32\sechost.dll
0x00007ffd6a230000 - 0x00007ffd6a34f000 	C:\WINDOWS\System32\RPCRT4.dll
0x00007ffd68540000 - 0x00007ffd686cf000 	C:\WINDOWS\System32\USER32.dll
0x00007ffd67610000 - 0x00007ffd67630000 	C:\WINDOWS\System32\win32u.dll
0x00007ffd6a3f0000 - 0x00007ffd6a418000 	C:\WINDOWS\System32\GDI32.dll
0x00007ffd669b0000 - 0x00007ffd66b43000 	C:\WINDOWS\System32\gdi32full.dll
0x00007ffd678e0000 - 0x00007ffd6797b000 	C:\WINDOWS\System32\msvcp_win.dll
0x00007ffd672a0000 - 0x00007ffd67396000 	C:\WINDOWS\System32\ucrtbase.dll
0x00007ffd5bb00000 - 0x00007ffd5bd69000 	C:\WINDOWS\WinSxS\amd64_microsoft.windows.common-controls_6595b64144ccf1df_6.0.16299.371_none_15c7d1789365a290\COMCTL32.dll
0x00007ffd681b0000 - 0x00007ffd684b8000 	C:\WINDOWS\System32\combase.dll
0x00007ffd67800000 - 0x00007ffd67872000 	C:\WINDOWS\System32\bcryptPrimitives.dll
0x00007ffd67d20000 - 0x00007ffd67d4d000 	C:\WINDOWS\System32\IMM32.DLL
0x000000006b6f0000 - 0x000000006b7c2000 	F:\android studio 2.2\jre\jre\bin\msvcr100.dll
0x000000006b8a0000 - 0x000000006c0df000 	F:\android studio 2.2\jre\jre\bin\server\jvm.dll
0x00007ffd679f0000 - 0x00007ffd679f8000 	C:\WINDOWS\System32\PSAPI.DLL
0x00007ffd53ac0000 - 0x00007ffd53ac9000 	C:\WINDOWS\SYSTEM32\WSOCK32.dll
0x00007ffd602d0000 - 0x00007ffd602da000 	C:\WINDOWS\SYSTEM32\VERSION.dll
0x00007ffd67980000 - 0x00007ffd679ec000 	C:\WINDOWS\System32\WS2_32.dll
0x00007ffd643a0000 - 0x00007ffd643c3000 	C:\WINDOWS\SYSTEM32\WINMM.dll
0x00007ffd64220000 - 0x00007ffd6424a000 	C:\WINDOWS\SYSTEM32\winmmbase.dll
0x00007ffd66960000 - 0x00007ffd669aa000 	C:\WINDOWS\System32\cfgmgr32.dll
0x00007ffd624d0000 - 0x00007ffd624df000 	F:\android studio 2.2\jre\jre\bin\verify.dll
0x00007ffd44410000 - 0x00007ffd44439000 	F:\android studio 2.2\jre\jre\bin\java.dll
0x00007ffd624b0000 - 0x00007ffd624c6000 	F:\android studio 2.2\jre\jre\bin\zip.dll
0x00007ffd68850000 - 0x00007ffd69c86000 	C:\WINDOWS\System32\SHELL32.dll
0x00007ffd6a0d0000 - 0x00007ffd6a176000 	C:\WINDOWS\System32\shcore.dll
0x00007ffd66b50000 - 0x00007ffd67297000 	C:\WINDOWS\System32\windows.storage.dll
0x00007ffd6a420000 - 0x00007ffd6a471000 	C:\WINDOWS\System32\shlwapi.dll
0x00007ffd66820000 - 0x00007ffd66831000 	C:\WINDOWS\System32\kernel.appcore.dll
0x00007ffd66860000 - 0x00007ffd668ac000 	C:\WINDOWS\System32\powrprof.dll
0x00007ffd66840000 - 0x00007ffd6685b000 	C:\WINDOWS\System32\profapi.dll
0x00007ffd39e40000 - 0x00007ffd39e5a000 	F:\android studio 2.2\jre\jre\bin\net.dll
0x00007ffd66030000 - 0x00007ffd66096000 	C:\WINDOWS\system32\mswsock.dll
0x00007ffd39e20000 - 0x00007ffd39e31000 	F:\android studio 2.2\jre\jre\bin\nio.dll
0x00007ffd60730000 - 0x00007ffd6074e000 	C:\Users\boot\.gradle\native\25\windows-amd64\native-platform.dll
0x00007ffd63380000 - 0x00007ffd6338d000 	F:\android studio 2.2\jre\jre\bin\management.dll
0x00007ffd661f0000 - 0x00007ffd66207000 	C:\WINDOWS\SYSTEM32\CRYPTSP.dll
0x00007ffd65c30000 - 0x00007ffd65c63000 	C:\WINDOWS\system32\rsaenh.dll
0x00007ffd66360000 - 0x00007ffd66385000 	C:\WINDOWS\SYSTEM32\bcrypt.dll
0x00007ffd66700000 - 0x00007ffd66729000 	C:\WINDOWS\SYSTEM32\USERENV.dll
0x00007ffd66210000 - 0x00007ffd6621b000 	C:\WINDOWS\SYSTEM32\CRYPTBASE.dll
0x00007ffd65dc0000 - 0x00007ffd65df9000 	C:\WINDOWS\SYSTEM32\IPHLPAPI.DLL
0x00007ffd67d50000 - 0x00007ffd67d58000 	C:\WINDOWS\System32\NSI.dll
0x00007ffd5ffe0000 - 0x00007ffd5fff6000 	C:\WINDOWS\SYSTEM32\dhcpcsvc6.DLL
0x00007ffd5e240000 - 0x00007ffd5e25a000 	C:\WINDOWS\SYSTEM32\dhcpcsvc.DLL
0x00007ffd47690000 - 0x00007ffd476b4000 	F:\android studio 2.2\jre\jre\bin\sunec.dll
0x00007ffd65e00000 - 0x00007ffd65eb6000 	C:\WINDOWS\SYSTEM32\DNSAPI.dll
0x000000006d180000 - 0x000000006d1a6000 	C:\Program Files\Bonjour\mdnsNSP.dll
0x00007ffd5e390000 - 0x00007ffd5e39a000 	C:\Windows\System32\rasadhlp.dll
0x00007ffd5f7f0000 - 0x00007ffd5f860000 	C:\WINDOWS\System32\fwpuclnt.dll
0x00007ffd607f0000 - 0x00007ffd607fb000 	F:\android studio 2.2\jre\jre\bin\sunmscapi.dll
0x00007ffd67630000 - 0x00007ffd677fe000 	C:\WINDOWS\System32\CRYPT32.dll
0x00007ffd66800000 - 0x00007ffd66812000 	C:\WINDOWS\System32\MSASN1.dll
0x00007ffd5d660000 - 0x00007ffd5d67e000 	C:\Users\boot\AppData\Local\Temp\native-platform4630395573085725624dir\native-platform.dll

VM Arguments:
jvm_args: -XX:MaxPermSize=512m -XX:+HeapDumpOnOutOfMemoryError -Xmx2048m -Dfile.encoding=UTF-8 -Duser.country=US -Duser.language=en -Duser.variant 
java_command: org.gradle.launcher.daemon.bootstrap.GradleDaemon 4.4
java_class_path (initial): C:\Users\boot\.gradle\wrapper\dists\gradle-4.4-all\9br9xq1tocpiv8o6njlyu5op1\gradle-4.4\lib\gradle-launcher-4.4.jar
Launcher Type: SUN_STANDARD

Environment Variables:
PATH=C:\ProgramData\Oracle\Java\javapath;C:\Windows\system32;C:\Windows;C:\Windows\System32\Wbem;C:\Windows\System32\WindowsPowerShell\v1.0\;C:\Program Files (x86)\NVIDIA Corporation\PhysX\Common;C:\Program Files\Microsoft SQL Server\110\Tools\Binn\;C:\Program Files (x86)\Microsoft SDKs\TypeScript\1.0\;C:\Program Files\Microsoft SQL Server\120\Tools\Binn\;C:\Program Files (x86)\Microsoft Emulator Manager\1.0\;C:\Program Files\Microsoft SQL Server\130\Tools\Binn\;C:\Program Files (x86)\Windows Kits\10\Windows Performance Toolkit\;C:\Program Files\dotnet\;C:\Program Files\Git\cmd;C:\Program Files (x86)\GtkSharp\2.12\bin;C:\WINDOWS\system32;C:\WINDOWS;C:\WINDOWS\System32\Wbem;C:\WINDOWS\System32\WindowsPowerShell\v1.0\;C:\Program Files\Microsoft\Web Platform Installer\;C:\Program Files\nodejs\;C:\Python27;C:\Users\boot\AppData\Local\Microsoft\WindowsApps;C:\Users\boot\AppData\Local\GitHubDesktop\bin;C:\Users\boot\AppData\Roaming\npm;C:\Users\boot\AppData\Local\atom\bin
USERNAME=boot
OS=Windows_NT
PROCESSOR_IDENTIFIER=AMD64 Family 21 Model 2 Stepping 0, AuthenticAMD



---------------  S Y S T E M  ---------------

OS: Windows 10.0 , 64 bit Build 16299 (10.0.16299.15)

CPU:total 4 (initial active 4) (4 cores per cpu, 1 threads per core) family 21 model 2 stepping 0, cmov, cx8, fxsr, mmx, sse, sse2, sse3, ssse3, sse4.1, sse4.2, popcnt, avx, aes, clmul, mmxext, 3dnowpref, lzcnt, sse4a, tsc, tscinvbit, tscinv, bmi1

Memory: 4k page, physical 16724292k(2665708k free), swap 16724292k(5876k free)

vm_info: OpenJDK 64-Bit Server VM (25.152-b02) for windows-amd64 JRE (1.8.0_152-release-1024-b02), built by "builder" with MS VC++ 10.0 (VS2010)

time: Sat Apr 14 18:16:23 2018
elapsed time: 12966 seconds (0d 3h 36m 6s)

