#
# There is insufficient memory for the Java Runtime Environment to continue.
# Native memory allocation (malloc) failed to allocate 36384 bytes for Chunk::new
# Possible reasons:
#   The system is out of physical RAM or swap space
#   In 32 bit mode, the process size limit was hit
# Possible solutions:
#   Reduce memory load on the system
#   Increase physical memory or swap space
#   Check if swap backing store is full
#   Use 64 bit Java on a 64 bit OS
#   Decrease Java heap size (-Xmx/-Xms)
#   Decrease number of Java threads
#   Decrease Java thread stack sizes (-Xss)
#   Set larger code cache with -XX:ReservedCodeCacheSize=
# This output file may be truncated or incomplete.
#
#  Out of Memory Error (allocation.cpp:390), pid=1864, tid=0x0000000000002128
#
# JRE version: OpenJDK Runtime Environment (8.0_152-b02) (build 1.8.0_152-release-1024-b02)
# Java VM: OpenJDK 64-Bit Server VM (25.152-b02 mixed mode windows-amd64 compressed oops)
# Failed to write core dump. Minidumps are not enabled by default on client versions of Windows
#

---------------  T H R E A D  ---------------

Current thread (0x0000000019b3d800):  JavaThread "C2 CompilerThread1" daemon [_thread_in_native, id=8488, stack(0x000000001b380000,0x000000001b480000)]

Stack: [0x000000001b380000,0x000000001b480000]
[error occurred during error reporting (printing stack bounds), id 0xc0000005]

Native frames: (J=compiled Java code, j=interpreted, Vv=VM code, C=native code)


Current CompileTask:
C2:  50602 13346   !   4       java.net.URLClassLoader$1::run (63 bytes)


---------------  P R O C E S S  ---------------

Java Threads: ( => current thread )
  0x000000001cb93800 JavaThread "ForkJoinPool.commonPool-worker-0" daemon [_thread_blocked, id=8136, stack(0x0000000027050000,0x0000000027150000)]
  0x00000000205a0800 JavaThread "ForkJoinPool.commonPool-worker-2" daemon [_thread_blocked, id=4980, stack(0x0000000026e50000,0x0000000026f50000)]
  0x000000002059d800 JavaThread "Cache worker for Java compile cache (C:\Users\boot\Documents\android projects\steem\.gradle\4.4\javaCompile)" [_thread_blocked, id=14588, stack(0x0000000026320000,0x0000000026420000)]
  0x0000000020599800 JavaThread "Task worker for ':' Thread 3" [_thread_blocked, id=6044, stack(0x0000000025b20000,0x0000000025c20000)]
  0x000000002059b000 JavaThread "Task worker for ':' Thread 2" [_thread_blocked, id=13428, stack(0x0000000025a20000,0x0000000025b20000)]
  0x000000002059c000 JavaThread "Task worker for ':'" [_thread_blocked, id=10632, stack(0x0000000025920000,0x0000000025a20000)]
  0x0000000020598000 JavaThread "Cache worker for Build Output Cleanup Cache (C:\Users\boot\Documents\android projects\steem\.gradle\buildOutputCleanup)" [_thread_blocked, id=11440, stack(0x0000000025820000,0x0000000025920000)]
  0x0000000020595000 JavaThread "Cache worker for task history cache (C:\Users\boot\Documents\android projects\steem\.gradle\4.4\taskHistory)" [_thread_blocked, id=15244, stack(0x0000000025720000,0x0000000025820000)]
  0x0000000020593800 JavaThread "Cache worker for file content cache (C:\Users\boot\Documents\android projects\steem\.gradle\4.4\fileContent)" [_thread_blocked, id=11552, stack(0x00000000253b0000,0x00000000254b0000)]
  0x0000000020592800 JavaThread "Memory manager" [_thread_blocked, id=7228, stack(0x00000000232e0000,0x00000000233e0000)]
  0x000000001cb93000 JavaThread "build operations Thread 4" [_thread_blocked, id=11664, stack(0x0000000022be0000,0x0000000022ce0000)]
  0x000000001cb92000 JavaThread "build operations Thread 3" [_thread_blocked, id=16108, stack(0x0000000022ae0000,0x0000000022be0000)]
  0x000000001cb90800 JavaThread "build operations Thread 2" [_thread_blocked, id=5780, stack(0x00000000229e0000,0x0000000022ae0000)]
  0x000000001cb8e800 JavaThread "build operations" [_thread_blocked, id=7460, stack(0x00000000228e0000,0x00000000229e0000)]
  0x000000001cb91800 JavaThread "Cache worker for Artifact transforms cache (C:\Users\boot\.gradle\caches\transforms-1)" [_thread_blocked, id=13036, stack(0x00000000224e0000,0x00000000225e0000)]
  0x000000001ef7d000 JavaThread "Cache worker for file hash cache (C:\Users\boot\Documents\android projects\steem\.gradle\4.4\fileHashes)" [_thread_blocked, id=432, stack(0x0000000020a10000,0x0000000020b10000)]
  0x000000001ed2a000 JavaThread "File lock request listener" [_thread_in_native, id=8792, stack(0x000000001f940000,0x000000001fa40000)]
  0x000000001cdee000 JavaThread "Cache worker for file hash cache (C:\Users\boot\.gradle\caches\4.4\fileHashes)" [_thread_blocked, id=268, stack(0x000000001f840000,0x000000001f940000)]
  0x000000001cd03800 JavaThread "Stdin handler" [_thread_blocked, id=11204, stack(0x000000001e570000,0x000000001e670000)]
  0x000000001cd02800 JavaThread "Asynchronous log dispatcher for DefaultDaemonConnection: socket connection from /127.0.0.1:60967 to /127.0.0.1:60968" [_thread_blocked, id=15812, stack(0x000000001e470000,0x000000001e570000)]
  0x000000001ccfb000 JavaThread "Daemon worker" [_thread_in_native, id=11736, stack(0x000000001e370000,0x000000001e470000)]
  0x000000001ccf9800 JavaThread "Cancel handler" [_thread_blocked, id=14796, stack(0x000000001e270000,0x000000001e370000)]
  0x000000001cc9f000 JavaThread "Handler for socket connection from /127.0.0.1:60967 to /127.0.0.1:60968" [_thread_in_native, id=8360, stack(0x000000001df70000,0x000000001e070000)]
  0x000000001cc9e800 JavaThread "Daemon" [_thread_blocked, id=16368, stack(0x000000001de70000,0x000000001df70000)]
  0x000000001cab7800 JavaThread "Daemon periodic checks" [_thread_blocked, id=11356, stack(0x000000001dd70000,0x000000001de70000)]
  0x000000001ca7f000 JavaThread "Incoming local TCP Connector on port 60967" [_thread_in_native, id=14728, stack(0x000000001d890000,0x000000001d990000)]
  0x000000001b5a1000 JavaThread "Service Thread" daemon [_thread_blocked, id=14956, stack(0x000000001b980000,0x000000001ba80000)]
  0x0000000019b6c000 JavaThread "C1 CompilerThread2" daemon [_thread_blocked, id=3444, stack(0x000000001b480000,0x000000001b580000)]
=>0x0000000019b3d800 JavaThread "C2 CompilerThread1" daemon [_thread_in_native, id=8488, stack(0x000000001b380000,0x000000001b480000)]
  0x0000000019b39000 JavaThread "C2 CompilerThread0" daemon [_thread_in_native, id=2816, stack(0x000000001b280000,0x000000001b380000)]
  0x0000000019b47000 JavaThread "Attach Listener" daemon [_thread_blocked, id=748, stack(0x000000001b180000,0x000000001b280000)]
  0x0000000019b45800 JavaThread "Signal Dispatcher" daemon [_thread_blocked, id=4672, stack(0x000000001b080000,0x000000001b180000)]
  0x0000000019b28800 JavaThread "Finalizer" daemon [_thread_blocked, id=1404, stack(0x000000001ad90000,0x000000001ae90000)]
  0x0000000019b07000 JavaThread "Reference Handler" daemon [_thread_blocked, id=1000, stack(0x000000001ac90000,0x000000001ad90000)]
  0x0000000004e22800 JavaThread "main" [_thread_blocked, id=8928, stack(0x0000000004ca0000,0x0000000004da0000)]

Other Threads:
  0x0000000019b06000 VMThread [stack: 0x000000001ab90000,0x000000001ac90000] [id=2320]
  0x000000001b5bc800 WatcherThread [stack: 0x000000001ba80000,0x000000001bb80000] [id=12220]

VM state:not at safepoint (normal execution)

VM Mutex/Monitor currently owned by a thread: None

Heap:
 PSYoungGen      total 273920K, used 242138K [0x00000000d5580000, 0x00000000ecc80000, 0x0000000100000000)
  eden space 229888K, 98% used [0x00000000d5580000,0x00000000e3359b28,0x00000000e3600000)
  from space 44032K, 33% used [0x00000000e3600000,0x00000000e449cdb0,0x00000000e6100000)
  to   space 40448K, 0% used [0x00000000ea500000,0x00000000ea500000,0x00000000ecc80000)
 ParOldGen       total 260608K, used 123781K [0x0000000080000000, 0x000000008fe80000, 0x00000000d5580000)
  object space 260608K, 47% used [0x0000000080000000,0x00000000878e17d8,0x000000008fe80000)
 Metaspace       used 73349K, capacity 76084K, committed 76288K, reserved 1116160K
  class space    used 9634K, capacity 10233K, committed 10240K, reserved 1048576K

Card table byte_map: [0x00000000142e0000,0x00000000146f0000] byte_map_base: 0x0000000013ee0000

Marking Bits: (ParMarkBitMap*) 0x000000006c064970
 Begin Bits: [0x0000000014da0000, 0x0000000016da0000)
 End Bits:   [0x0000000016da0000, 0x0000000018da0000)

Polling page: 0x0000000003430000

CodeCache: size=245760Kb used=39057Kb max_used=39069Kb free=206702Kb
 bounds [0x0000000004f20000, 0x00000000075b0000, 0x0000000013f20000]
 total_blobs=11550 nmethods=10742 adapters=721
 compilation: enabled

Compilation events (10 events):
Event: 50.576 Thread 0x0000000019b6c000 13354   !   3       java.io.ObjectOutputStream::writeObject0 (619 bytes)
Event: 50.580 Thread 0x0000000019b6c000 nmethod 13354 0x000000000759d4d0 code [0x000000000759daa0, 0x00000000075a1258]
Event: 50.580 Thread 0x0000000019b6c000 13355   !   3       java.io.ObjectOutputStream::writeOrdinaryObject (175 bytes)
Event: 50.581 Thread 0x0000000019b6c000 nmethod 13355 0x00000000065f5310 code [0x00000000065f55a0, 0x00000000065f6288]
Event: 50.581 Thread 0x0000000019b6c000 13356       3       java.util.Collections$SetFromMap::contains (11 bytes)
Event: 50.582 Thread 0x0000000019b6c000 nmethod 13356 0x0000000006b7a2d0 code [0x0000000006b7a440, 0x0000000006b7a668]
Event: 50.582 Thread 0x0000000019b39000 nmethod 13348 0x00000000064bfe90 code [0x00000000064c0020, 0x00000000064c0518]
Event: 50.584 Thread 0x0000000019b6c000 13357       1       org.gradle.internal.serialize.ExceptionReplacingObjectOutputStream::getObjectTransformer (5 bytes)
Event: 50.584 Thread 0x0000000019b6c000 nmethod 13357 0x0000000005459950 code [0x0000000005459aa0, 0x0000000005459bb0]
Event: 50.584 Thread 0x0000000019b39000 13358       4       java.io.ObjectOutputStream::writeClassDesc (60 bytes)

GC Heap History (10 events):
Event: 36.107 GC heap before
{Heap before GC invocations=16 (full 3):
 PSYoungGen      total 211456K, used 211425K [0x00000000d5580000, 0x00000000e5900000, 0x0000000100000000)
  eden space 190464K, 100% used [0x00000000d5580000,0x00000000e0f80000,0x00000000e0f80000)
  from space 20992K, 99% used [0x00000000e2d80000,0x00000000e41f84f8,0x00000000e4200000)
  to   space 30720K, 0% used [0x00000000e0f80000,0x00000000e0f80000,0x00000000e2d80000)
 ParOldGen       total 260608K, used 57146K [0x0000000080000000, 0x000000008fe80000, 0x00000000d5580000)
  object space 260608K, 21% used [0x0000000080000000,0x00000000837ce940,0x000000008fe80000)
 Metaspace       used 69439K, capacity 71696K, committed 72064K, reserved 1112064K
  class space    used 9172K, capacity 9729K, committed 9856K, reserved 1048576K
Event: 36.208 GC heap after
Heap after GC invocations=16 (full 3):
 PSYoungGen      total 221184K, used 30706K [0x00000000d5580000, 0x00000000e8a00000, 0x0000000100000000)
  eden space 190464K, 0% used [0x00000000d5580000,0x00000000d5580000,0x00000000e0f80000)
  from space 30720K, 99% used [0x00000000e0f80000,0x00000000e2d7c9f8,0x00000000e2d80000)
  to   space 41984K, 0% used [0x00000000e6100000,0x00000000e6100000,0x00000000e8a00000)
 ParOldGen       total 260608K, used 76385K [0x0000000080000000, 0x000000008fe80000, 0x00000000d5580000)
  object space 260608K, 29% used [0x0000000080000000,0x0000000084a985d0,0x000000008fe80000)
 Metaspace       used 69439K, capacity 71696K, committed 72064K, reserved 1112064K
  class space    used 9172K, capacity 9729K, committed 9856K, reserved 1048576K
}
Event: 36.911 GC heap before
{Heap before GC invocations=17 (full 3):
 PSYoungGen      total 221184K, used 220462K [0x00000000d5580000, 0x00000000e8a00000, 0x0000000100000000)
  eden space 190464K, 99% used [0x00000000d5580000,0x00000000e0ecf178,0x00000000e0f80000)
  from space 30720K, 99% used [0x00000000e0f80000,0x00000000e2d7c9f8,0x00000000e2d80000)
  to   space 41984K, 0% used [0x00000000e6100000,0x00000000e6100000,0x00000000e8a00000)
 ParOldGen       total 260608K, used 76385K [0x0000000080000000, 0x000000008fe80000, 0x00000000d5580000)
  object space 260608K, 29% used [0x0000000080000000,0x0000000084a985d0,0x000000008fe80000)
 Metaspace       used 70519K, capacity 72942K, committed 73216K, reserved 1112064K
  class space    used 9324K, capacity 9888K, committed 9984K, reserved 1048576K
Event: 36.992 GC heap after
Heap after GC invocations=17 (full 3):
 PSYoungGen      total 271872K, used 31164K [0x00000000d5580000, 0x00000000ea980000, 0x0000000100000000)
  eden space 229888K, 0% used [0x00000000d5580000,0x00000000d5580000,0x00000000e3600000)
  from space 41984K, 74% used [0x00000000e6100000,0x00000000e7f6f050,0x00000000e8a00000)
  to   space 44032K, 0% used [0x00000000e3600000,0x00000000e3600000,0x00000000e6100000)
 ParOldGen       total 260608K, used 84238K [0x0000000080000000, 0x000000008fe80000, 0x00000000d5580000)
  object space 260608K, 32% used [0x0000000080000000,0x0000000085243890,0x000000008fe80000)
 Metaspace       used 70519K, capacity 72942K, committed 73216K, reserved 1112064K
  class space    used 9324K, capacity 9888K, committed 9984K, reserved 1048576K
}
Event: 37.046 GC heap before
{Heap before GC invocations=18 (full 3):
 PSYoungGen      total 271872K, used 260612K [0x00000000d5580000, 0x00000000ea980000, 0x0000000100000000)
  eden space 229888K, 99% used [0x00000000d5580000,0x00000000e3592038,0x00000000e3600000)
  from space 41984K, 74% used [0x00000000e6100000,0x00000000e7f6f050,0x00000000e8a00000)
  to   space 44032K, 0% used [0x00000000e3600000,0x00000000e3600000,0x00000000e6100000)
 ParOldGen       total 260608K, used 84238K [0x0000000080000000, 0x000000008fe80000, 0x00000000d5580000)
  object space 260608K, 32% used [0x0000000080000000,0x0000000085243890,0x000000008fe80000)
 Metaspace       used 70525K, capacity 72942K, committed 73216K, reserved 1112064K
  class space    used 9324K, capacity 9888K, committed 9984K, reserved 1048576K
Event: 37.098 GC heap after
Heap after GC invocations=18 (full 3):
 PSYoungGen      total 273920K, used 7590K [0x00000000d5580000, 0x00000000ea980000, 0x0000000100000000)
  eden space 229888K, 0% used [0x00000000d5580000,0x00000000d5580000,0x00000000e3600000)
  from space 44032K, 17% used [0x00000000e3600000,0x00000000e3d698d0,0x00000000e6100000)
  to   space 41984K, 0% used [0x00000000e6100000,0x00000000e6100000,0x00000000e8a00000)
 ParOldGen       total 260608K, used 106970K [0x0000000080000000, 0x000000008fe80000, 0x00000000d5580000)
  object space 260608K, 41% used [0x0000000080000000,0x0000000086876900,0x000000008fe80000)
 Metaspace       used 70525K, capacity 72942K, committed 73216K, reserved 1112064K
  class space    used 9324K, capacity 9888K, committed 9984K, reserved 1048576K
}
Event: 38.800 GC heap before
{Heap before GC invocations=19 (full 3):
 PSYoungGen      total 273920K, used 237478K [0x00000000d5580000, 0x00000000ea980000, 0x0000000100000000)
  eden space 229888K, 100% used [0x00000000d5580000,0x00000000e3600000,0x00000000e3600000)
  from space 44032K, 17% used [0x00000000e3600000,0x00000000e3d698d0,0x00000000e6100000)
  to   space 41984K, 0% used [0x00000000e6100000,0x00000000e6100000,0x00000000e8a00000)
 ParOldGen       total 260608K, used 106970K [0x0000000080000000, 0x000000008fe80000, 0x00000000d5580000)
  object space 260608K, 41% used [0x0000000080000000,0x0000000086876900,0x000000008fe80000)
 Metaspace       used 70718K, capacity 73170K, committed 73472K, reserved 1112064K
  class space    used 9357K, capacity 9934K, committed 9984K, reserved 1048576K
Event: 38.824 GC heap after
Heap after GC invocations=19 (full 3):
 PSYoungGen      total 271872K, used 12704K [0x00000000d5580000, 0x00000000ea980000, 0x0000000100000000)
  eden space 229888K, 0% used [0x00000000d5580000,0x00000000d5580000,0x00000000e3600000)
  from space 41984K, 30% used [0x00000000e6100000,0x00000000e6d68100,0x00000000e8a00000)
  to   space 44032K, 0% used [0x00000000e3600000,0x00000000e3600000,0x00000000e6100000)
 ParOldGen       total 260608K, used 112969K [0x0000000080000000, 0x000000008fe80000, 0x00000000d5580000)
  object space 260608K, 43% used [0x0000000080000000,0x0000000086e526b8,0x000000008fe80000)
 Metaspace       used 70718K, capacity 73170K, committed 73472K, reserved 1112064K
  class space    used 9357K, capacity 9934K, committed 9984K, reserved 1048576K
}
Event: 42.820 GC heap before
{Heap before GC invocations=20 (full 3):
 PSYoungGen      total 271872K, used 242592K [0x00000000d5580000, 0x00000000ea980000, 0x0000000100000000)
  eden space 229888K, 100% used [0x00000000d5580000,0x00000000e3600000,0x00000000e3600000)
  from space 41984K, 30% used [0x00000000e6100000,0x00000000e6d68100,0x00000000e8a00000)
  to   space 44032K, 0% used [0x00000000e3600000,0x00000000e3600000,0x00000000e6100000)
 ParOldGen       total 260608K, used 112969K [0x0000000080000000, 0x000000008fe80000, 0x00000000d5580000)
  object space 260608K, 43% used [0x0000000080000000,0x0000000086e526b8,0x000000008fe80000)
 Metaspace       used 71521K, capacity 74178K, committed 74368K, reserved 1114112K
  class space    used 9460K, capacity 10056K, committed 10112K, reserved 1048576K
Event: 42.852 GC heap after
Heap after GC invocations=20 (full 3):
 PSYoungGen      total 273920K, used 14963K [0x00000000d5580000, 0x00000000ecc80000, 0x0000000100000000)
  eden space 229888K, 0% used [0x00000000d5580000,0x00000000d5580000,0x00000000e3600000)
  from space 44032K, 33% used [0x00000000e3600000,0x00000000e449cdb0,0x00000000e6100000)
  to   space 40448K, 0% used [0x00000000ea500000,0x00000000ea500000,0x00000000ecc80000)
 ParOldGen       total 260608K, used 123781K [0x0000000080000000, 0x000000008fe80000, 0x00000000d5580000)
  object space 260608K, 47% used [0x0000000080000000,0x00000000878e17d8,0x000000008fe80000)
 Metaspace       used 71521K, capacity 74178K, committed 74368K, reserved 1114112K
  class space    used 9460K, capacity 10056K, committed 10112K, reserved 1048576K
}

Deoptimization events (10 events):
Event: 50.534 Thread 0x0000000020595000 Uncommon trap: reason=unstable_if action=reinterpret pc=0x0000000006a9ff8c method=org.gradle.cache.internal.filelock.DefaultLockStateSerializer$SequenceNumberLockState.isDirty()Z @ 6
Event: 50.537 Thread 0x000000001ccfb000 Uncommon trap: reason=unstable_if action=reinterpret pc=0x0000000006c5312c method=org.gradle.api.internal.OverlappingOutputs.createdSincePreviousExecution(Lorg/gradle/api/internal/changedetection/state/NormalizedFileSnapshot;)Z @ 1
Event: 50.573 Thread 0x000000001cd02800 Uncommon trap: reason=unstable_if action=reinterpret pc=0x0000000006a51370 method=java.io.ObjectOutputStream.writeObject0(Ljava/lang/Object;Z)V @ 235
Event: 50.575 Thread 0x000000001cd02800 Uncommon trap: reason=class_check action=maybe_recompile pc=0x00000000065074c4 method=java.io.ObjectOutputStream.writeNonProxyDesc(Ljava/io/ObjectStreamClass;Z)V @ 44
Event: 50.575 Thread 0x000000001cd02800 Uncommon trap: reason=class_check action=maybe_recompile pc=0x00000000065074c4 method=java.io.ObjectOutputStream.writeNonProxyDesc(Ljava/io/ObjectStreamClass;Z)V @ 44
Event: 50.575 Thread 0x000000001cd02800 Uncommon trap: reason=class_check action=maybe_recompile pc=0x00000000065074c4 method=java.io.ObjectOutputStream.writeNonProxyDesc(Ljava/io/ObjectStreamClass;Z)V @ 44
Event: 50.575 Thread 0x000000001cd02800 Uncommon trap: reason=class_check action=maybe_recompile pc=0x00000000065074c4 method=java.io.ObjectOutputStream.writeNonProxyDesc(Ljava/io/ObjectStreamClass;Z)V @ 44
Event: 50.575 Thread 0x000000001cd02800 Uncommon trap: reason=unstable_if action=reinterpret pc=0x0000000006ea0e90 method=java.io.ObjectStreamClass.hasWriteObjectMethod()Z @ 8
Event: 50.582 Thread 0x000000001cd02800 Uncommon trap: reason=unstable_if action=reinterpret pc=0x00000000070c9708 method=java.io.ObjectStreamClass.hasWriteObjectMethod()Z @ 8
Event: 50.584 Thread 0x000000001cd02800 Uncommon trap: reason=unstable_if action=reinterpret pc=0x0000000006a9191c method=java.io.ObjectOutputStream$BlockDataOutputStream.write([BIIZ)V @ 2

Classes redefined (0 events):
No events

Internal exceptions (10 events):
Event: 36.391 Thread 0x000000002059f000 Exception <a 'java/io/FileNotFoundException'> (0x00000000d68e0fb8) thrown at [D:\src\AOSP-openjdk-cygwin\jdk8u\hotspot\src\share\vm\prims\jni.cpp, line 709]
Event: 36.622 Thread 0x000000002059f000 Exception <a 'java/lang/NoSuchMethodError': java.lang.Object.lambda$asRunnable$0(Lcom/android/apkzlib/utils/IOExceptionRunnable;)V> (0x00000000d75696b8) thrown at [D:\src\AOSP-openjdk-cygwin\jdk8u\hotspot\src\share\vm\interpreter\linkResolver.cpp, line 58
Event: 36.700 Thread 0x000000002059f000 Exception <a 'java/lang/NoSuchMethodError': java.lang.Object.lambda$comparing$ea9a8b3a$1(Ljava/util/Comparator;Ljava/util/function/Function;Ljava/lang/Object;Ljava/lang/Object;)I> (0x00000000d79aa838) thrown at [D:\src\AOSP-openjdk-cygwin\jdk8u\hotspot\sr
Event: 36.761 Thread 0x000000002059f000 Exception <a 'java/lang/NoSuchMethodError': java.lang.Object.lambda$or$2(Ljava/util/function/Predicate;Ljava/lang/Object;)Z> (0x00000000d7da63e8) thrown at [D:\src\AOSP-openjdk-cygwin\jdk8u\hotspot\src\share\vm\interpreter\linkResolver.cpp, line 584]
Event: 39.686 Thread 0x0000000020599800 Implicit null exception at 0x0000000006ac0ea0 to 0x0000000006ac13e5
Event: 41.147 Thread 0x0000000020599800 Exception <a 'java/lang/NoSuchMethodError': java.lang.Object.lambda$and$0(Ljava/util/function/Predicate;Ljava/lang/Object;)Z> (0x00000000d80825e0) thrown at [D:\src\AOSP-openjdk-cygwin\jdk8u\hotspot\src\share\vm\interpreter\linkResolver.cpp, line 584]
Event: 50.528 Thread 0x0000000020595000 Exception <a 'java/lang/OutOfMemoryError'> (0x00000000d72da4a0) thrown at [D:\src\AOSP-openjdk-cygwin\jdk8u\hotspot\src\share\vm\prims\jni.cpp, line 735]
Event: 50.549 Thread 0x0000000020595000 Exception <a 'java/lang/OutOfMemoryError'> (0x00000000d72dbe88) thrown at [D:\src\AOSP-openjdk-cygwin\jdk8u\hotspot\src\share\vm\prims\jni.cpp, line 735]
Event: 50.575 Thread 0x000000001cd02800 Exception <a 'java/lang/NoSuchMethodError': <clinit>> (0x00000000e33283e8) thrown at [D:\src\AOSP-openjdk-cygwin\jdk8u\hotspot\src\share\vm\prims\jni.cpp, line 1613]
Event: 50.584 Thread 0x000000001cd02800 Exception <a 'java/lang/NoSuchMethodError': <clinit>> (0x00000000e3353cf8) thrown at [D:\src\AOSP-openjdk-cygwin\jdk8u\hotspot\src\share\vm\prims\jni.cpp, line 1613]

Events (10 events):
Event: 50.575 Thread 0x000000001cd02800 DEOPT UNPACKING pc=0x0000000004f6557b sp=0x000000001e56e878 mode 2
Event: 50.575 Thread 0x000000001cd02800 Uncommon trap: trap_request=0xffffff65 fr.pc=0x0000000006ea0e90
Event: 50.575 Thread 0x000000001cd02800 DEOPT PACKING pc=0x0000000006ea0e90 sp=0x000000001e56ec60
Event: 50.575 Thread 0x000000001cd02800 DEOPT UNPACKING pc=0x0000000004f6557b sp=0x000000001e56eb70 mode 2
Event: 50.582 Thread 0x000000001cd02800 Uncommon trap: trap_request=0xffffff65 fr.pc=0x00000000070c9708
Event: 50.582 Thread 0x000000001cd02800 DEOPT PACKING pc=0x00000000070c9708 sp=0x000000001e56dc50
Event: 50.582 Thread 0x000000001cd02800 DEOPT UNPACKING pc=0x0000000004f6557b sp=0x000000001e56db68 mode 2
Event: 50.584 Thread 0x000000001cd02800 Uncommon trap: trap_request=0xffffff65 fr.pc=0x0000000006a9191c
Event: 50.584 Thread 0x000000001cd02800 DEOPT PACKING pc=0x0000000006a9191c sp=0x000000001e56eb30
Event: 50.584 Thread 0x000000001cd02800 DEOPT UNPACKING pc=0x0000000004f6557b sp=0x000000001e56eb20 mode 2


Dynamic libraries:
0x00007ff7ef890000 - 0x00007ff7ef8c1000 	F:\android studio 2.2\jre\bin\java.exe
0x00007ffd6a4b0000 - 0x00007ffd6a690000 	C:\WINDOWS\SYSTEM32\ntdll.dll
0x00007ffd6a180000 - 0x00007ffd6a22e000 	C:\WINDOWS\System32\KERNEL32.DLL
0x00007ffd673a0000 - 0x00007ffd67606000 	C:\WINDOWS\System32\KERNELBASE.dll
0x00007ffd67c70000 - 0x00007ffd67d11000 	C:\WINDOWS\System32\ADVAPI32.dll
0x00007ffd69ee0000 - 0x00007ffd69f7d000 	C:\WINDOWS\System32\msvcrt.dll
0x00007ffd69e80000 - 0x00007ffd69edb000 	C:\WINDOWS\System32\sechost.dll
0x00007ffd6a230000 - 0x00007ffd6a34f000 	C:\WINDOWS\System32\RPCRT4.dll
0x00007ffd68540000 - 0x00007ffd686cf000 	C:\WINDOWS\System32\USER32.dll
0x00007ffd67610000 - 0x00007ffd67630000 	C:\WINDOWS\System32\win32u.dll
0x00007ffd6a3f0000 - 0x00007ffd6a418000 	C:\WINDOWS\System32\GDI32.dll
0x00007ffd669b0000 - 0x00007ffd66b43000 	C:\WINDOWS\System32\gdi32full.dll
0x00007ffd678e0000 - 0x00007ffd6797b000 	C:\WINDOWS\System32\msvcp_win.dll
0x00007ffd672a0000 - 0x00007ffd67396000 	C:\WINDOWS\System32\ucrtbase.dll
0x00007ffd5bb00000 - 0x00007ffd5bd69000 	C:\WINDOWS\WinSxS\amd64_microsoft.windows.common-controls_6595b64144ccf1df_6.0.16299.371_none_15c7d1789365a290\COMCTL32.dll
0x00007ffd681b0000 - 0x00007ffd684b8000 	C:\WINDOWS\System32\combase.dll
0x00007ffd67800000 - 0x00007ffd67872000 	C:\WINDOWS\System32\bcryptPrimitives.dll
0x00007ffd67d20000 - 0x00007ffd67d4d000 	C:\WINDOWS\System32\IMM32.DLL
0x000000006b6f0000 - 0x000000006b7c2000 	F:\android studio 2.2\jre\jre\bin\msvcr100.dll
0x000000006b8a0000 - 0x000000006c0df000 	F:\android studio 2.2\jre\jre\bin\server\jvm.dll
0x00007ffd679f0000 - 0x00007ffd679f8000 	C:\WINDOWS\System32\PSAPI.DLL
0x00007ffd53ac0000 - 0x00007ffd53ac9000 	C:\WINDOWS\SYSTEM32\WSOCK32.dll
0x00007ffd643a0000 - 0x00007ffd643c3000 	C:\WINDOWS\SYSTEM32\WINMM.dll
0x00007ffd67980000 - 0x00007ffd679ec000 	C:\WINDOWS\System32\WS2_32.dll
0x00007ffd602d0000 - 0x00007ffd602da000 	C:\WINDOWS\SYSTEM32\VERSION.dll
0x00007ffd64220000 - 0x00007ffd6424a000 	C:\WINDOWS\SYSTEM32\WINMMBASE.dll
0x00007ffd66960000 - 0x00007ffd669aa000 	C:\WINDOWS\System32\cfgmgr32.dll
0x00007ffd624d0000 - 0x00007ffd624df000 	F:\android studio 2.2\jre\jre\bin\verify.dll
0x00007ffd44410000 - 0x00007ffd44439000 	F:\android studio 2.2\jre\jre\bin\java.dll
0x00007ffd624b0000 - 0x00007ffd624c6000 	F:\android studio 2.2\jre\jre\bin\zip.dll
0x00007ffd68850000 - 0x00007ffd69c86000 	C:\WINDOWS\System32\SHELL32.dll
0x00007ffd6a0d0000 - 0x00007ffd6a176000 	C:\WINDOWS\System32\shcore.dll
0x00007ffd66b50000 - 0x00007ffd67297000 	C:\WINDOWS\System32\windows.storage.dll
0x00007ffd6a420000 - 0x00007ffd6a471000 	C:\WINDOWS\System32\shlwapi.dll
0x00007ffd66820000 - 0x00007ffd66831000 	C:\WINDOWS\System32\kernel.appcore.dll
0x00007ffd66860000 - 0x00007ffd668ac000 	C:\WINDOWS\System32\powrprof.dll
0x00007ffd66840000 - 0x00007ffd6685b000 	C:\WINDOWS\System32\profapi.dll
0x00007ffd39e40000 - 0x00007ffd39e5a000 	F:\android studio 2.2\jre\jre\bin\net.dll
0x00007ffd66030000 - 0x00007ffd66096000 	C:\WINDOWS\system32\mswsock.dll
0x00007ffd39e20000 - 0x00007ffd39e31000 	F:\android studio 2.2\jre\jre\bin\nio.dll
0x00007ffd60730000 - 0x00007ffd6074e000 	C:\Users\boot\.gradle\native\25\windows-amd64\native-platform.dll
0x00007ffd63380000 - 0x00007ffd6338d000 	F:\android studio 2.2\jre\jre\bin\management.dll
0x00007ffd661f0000 - 0x00007ffd66207000 	C:\WINDOWS\SYSTEM32\CRYPTSP.dll
0x00007ffd65c30000 - 0x00007ffd65c63000 	C:\WINDOWS\system32\rsaenh.dll
0x00007ffd66360000 - 0x00007ffd66385000 	C:\WINDOWS\SYSTEM32\bcrypt.dll
0x00007ffd66700000 - 0x00007ffd66729000 	C:\WINDOWS\SYSTEM32\USERENV.dll
0x00007ffd66210000 - 0x00007ffd6621b000 	C:\WINDOWS\SYSTEM32\CRYPTBASE.dll
0x00007ffd65dc0000 - 0x00007ffd65df9000 	C:\WINDOWS\SYSTEM32\IPHLPAPI.DLL
0x00007ffd67d50000 - 0x00007ffd67d58000 	C:\WINDOWS\System32\NSI.dll
0x00007ffd5ffe0000 - 0x00007ffd5fff6000 	C:\WINDOWS\SYSTEM32\dhcpcsvc6.DLL
0x00007ffd5e240000 - 0x00007ffd5e25a000 	C:\WINDOWS\SYSTEM32\dhcpcsvc.DLL

VM Arguments:
jvm_args: -XX:MaxPermSize=512m -XX:+HeapDumpOnOutOfMemoryError -Xmx2048m -Dfile.encoding=UTF-8 -Duser.country=US -Duser.language=en -Duser.variant 
java_command: org.gradle.launcher.daemon.bootstrap.GradleDaemon 4.4
java_class_path (initial): C:\Users\boot\.gradle\wrapper\dists\gradle-4.4-all\9br9xq1tocpiv8o6njlyu5op1\gradle-4.4\lib\gradle-launcher-4.4.jar
Launcher Type: SUN_STANDARD

Environment Variables:
PATH=C:\ProgramData\Oracle\Java\javapath;C:\Windows\system32;C:\Windows;C:\Windows\System32\Wbem;C:\Windows\System32\WindowsPowerShell\v1.0\;C:\Program Files (x86)\NVIDIA Corporation\PhysX\Common;C:\Program Files\Microsoft SQL Server\110\Tools\Binn\;C:\Program Files (x86)\Microsoft SDKs\TypeScript\1.0\;C:\Program Files\Microsoft SQL Server\120\Tools\Binn\;C:\Program Files (x86)\Microsoft Emulator Manager\1.0\;C:\Program Files\Microsoft SQL Server\130\Tools\Binn\;C:\Program Files (x86)\Windows Kits\10\Windows Performance Toolkit\;C:\Program Files\dotnet\;C:\Program Files\Git\cmd;C:\Program Files (x86)\GtkSharp\2.12\bin;C:\WINDOWS\system32;C:\WINDOWS;C:\WINDOWS\System32\Wbem;C:\WINDOWS\System32\WindowsPowerShell\v1.0\;C:\Program Files\Microsoft\Web Platform Installer\;C:\Program Files\nodejs\;C:\Python27;C:\Users\boot\AppData\Local\Microsoft\WindowsApps;C:\Users\boot\AppData\Local\GitHubDesktop\bin;C:\Users\boot\AppData\Roaming\npm;C:\Users\boot\AppData\Local\atom\bin
USERNAME=boot
OS=Windows_NT
PROCESSOR_IDENTIFIER=AMD64 Family 21 Model 2 Stepping 0, AuthenticAMD



---------------  S Y S T E M  ---------------

OS: Windows 10.0 , 64 bit Build 16299 (10.0.16299.15)

CPU:total 4 (initial active 4) (4 cores per cpu, 1 threads per core) family 21 model 2 stepping 0, cmov, cx8, fxsr, mmx, sse, sse2, sse3, ssse3, sse4.1, sse4.2, popcnt, avx, aes, clmul, mmxext, 3dnowpref, lzcnt, sse4a, tsc, tscinvbit, tscinv, bmi1

Memory: 4k page, physical 16724292k(2690380k free), swap 16724292k(2428k free)

vm_info: OpenJDK 64-Bit Server VM (25.152-b02) for windows-amd64 JRE (1.8.0_152-release-1024-b02), built by "builder" with MS VC++ 10.0 (VS2010)

time: Sat Apr 14 18:17:52 2018
elapsed time: 50 seconds (0d 0h 0m 50s)

